CLIENT_HANDSHAKE_TRAFFIC_SECRET f328e3435cb4c96336277c44bdb308231a6883aff92a950793b58e1202283934 e2a55d701c5feb3c8a7a52fe64d94f760413a2e5df38d22195f5cd0e9a0e1fbe
SERVER_HANDSHAKE_TRAFFIC_SECRET f328e3435cb4c96336277c44bdb308231a6883aff92a950793b58e1202283934 5a18910f998fceb85a5395bf65ce4108f303fbb408f39c4c3911cab5b4983717
CLIENT_HANDSHAKE_TRAFFIC_SECRET 222cdeb08ea279f3b521d7fdf0257cd7051839ce3c62afe9e7cb744361a0c793 5914fe25cbec17424c9c4b948a8d40797e217b6c99614c4bad5e6649926c0c67
SERVER_HANDSHAKE_TRAFFIC_SECRET 222cdeb08ea279f3b521d7fdf0257cd7051839ce3c62afe9e7cb744361a0c793 94cd1ea922469dfb647855642ed87aa078788f2ff985eb79dc4b9a37919bcc8c
CLIENT_TRAFFIC_SECRET_0 222cdeb08ea279f3b521d7fdf0257cd7051839ce3c62afe9e7cb744361a0c793 b8bf43ab1bd3e7b4bb119ec9233264f97eeb8143fa083a87d9c7f325eb607211
SERVER_TRAFFIC_SECRET_0 222cdeb08ea279f3b521d7fdf0257cd7051839ce3c62afe9e7cb744361a0c793 3a0eb15ef626357da5533411fb76becceca284dafff0d06738ac151f10cacc91
EXPORTER_SECRET 222cdeb08ea279f3b521d7fdf0257cd7051839ce3c62afe9e7cb744361a0c793 4d13964f33f3208c640a66b64963f267f9889d0e2909ca6ffc143f0caeca1663
CLIENT_HANDSHAKE_TRAFFIC_SECRET cc9a70587e54a4b05e1c608c0bbcadfad75b89e2d6d1d7d40305be545439a084 4bf19ce8b7b107d6b81ace2f3bd540015378fc2746f76c02be085515fd973f8c
SERVER_HANDSHAKE_TRAFFIC_SECRET cc9a70587e54a4b05e1c608c0bbcadfad75b89e2d6d1d7d40305be545439a084 6f9c097d68e5dcafb56711fb49649a3336e4834db0965cb85c3eb3c0cc1a4052
CLIENT_HANDSHAKE_TRAFFIC_SECRET 86b6a024cd87a2c6f4c64f584250f98d2aa1b182e1a9de63d6eccdafc58f0966 fc14fb8bf9c6ed15fc541b64811715fd60d2ffa5d33a654d447c867f49dfdebe
SERVER_HANDSHAKE_TRAFFIC_SECRET 86b6a024cd87a2c6f4c64f584250f98d2aa1b182e1a9de63d6eccdafc58f0966 2c4d767021dbf8ddaabc05529f1584e123c2d6e2a9cc5a3f6081f3210d1bf797
CLIENT_HANDSHAKE_TRAFFIC_SECRET 526709a81a54ab733a44ea7649eae93630d3730c706a86a1d745cab34d63dc61 49757e6cd05bc35fd8bf3ad324bd717395d289dc1f9fd7ec76b24d8bab3170f7
SERVER_HANDSHAKE_TRAFFIC_SECRET 526709a81a54ab733a44ea7649eae93630d3730c706a86a1d745cab34d63dc61 fdf257c7c3ae0400aef12da2df257e6b3b0b943181130c7e351ddf7913e9429d
CLIENT_HANDSHAKE_TRAFFIC_SECRET 56e65d71878ce997695412eec0e2e6a27f41bb2780aa6c98643fecc0df09427d 064a3f42bc909968c788232cf9231b7405bf575430dedbb42e5e30d634d4c82d
SERVER_HANDSHAKE_TRAFFIC_SECRET 56e65d71878ce997695412eec0e2e6a27f41bb2780aa6c98643fecc0df09427d 77bb95dd5250ef05edb560e5fd80a3738305fd976af4d1c0effc58aa2e556ea3
CLIENT_HANDSHAKE_TRAFFIC_SECRET 9a735147428714840ce3452f554683a5d942e43e9559dd6b50a7c2e03d672e63 f40e1f1411e768db58d401576c00a50bcee0d3311117c0cc1711c715890b00ff
SERVER_HANDSHAKE_TRAFFIC_SECRET 9a735147428714840ce3452f554683a5d942e43e9559dd6b50a7c2e03d672e63 91995fd3c9158a7cbf2e91611d37e1b8bdc98833372a7a6fb0ce8c87177457a9
CLIENT_TRAFFIC_SECRET_0 cc9a70587e54a4b05e1c608c0bbcadfad75b89e2d6d1d7d40305be545439a084 bd8164b3d755bf2a2a26dee28e19421779ca9c9d7ee46d1ed780a7b4738e6ef3
SERVER_TRAFFIC_SECRET_0 cc9a70587e54a4b05e1c608c0bbcadfad75b89e2d6d1d7d40305be545439a084 719a47c7a79354049c9120d9d633069fc3f78dac5a5d6f81b1b38772ed4e4c7e
EXPORTER_SECRET cc9a70587e54a4b05e1c608c0bbcadfad75b89e2d6d1d7d40305be545439a084 65ee5965b53a76491f4a6cb542ceb20c611d6a70b963b21d64098e429bfe0b5a
CLIENT_TRAFFIC_SECRET_0 86b6a024cd87a2c6f4c64f584250f98d2aa1b182e1a9de63d6eccdafc58f0966 2678e7776f4b9faff7024bbb9954ac19133f8c240fa1fa70717d087477afad8b
SERVER_TRAFFIC_SECRET_0 86b6a024cd87a2c6f4c64f584250f98d2aa1b182e1a9de63d6eccdafc58f0966 f86af659411f762df046eb6bd7bb1b15936f35f5f794297e78840fc14f890069
EXPORTER_SECRET 86b6a024cd87a2c6f4c64f584250f98d2aa1b182e1a9de63d6eccdafc58f0966 1dc71e36130917a33cc3cde9f49badee73d776020fbc569f7eff24c658e1604d
CLIENT_TRAFFIC_SECRET_0 56e65d71878ce997695412eec0e2e6a27f41bb2780aa6c98643fecc0df09427d c8b5e52c139aedb7b1dac5e0d123cd5904657ad7ff6c389f9135c005965a35ca
SERVER_TRAFFIC_SECRET_0 56e65d71878ce997695412eec0e2e6a27f41bb2780aa6c98643fecc0df09427d ee053db0b41b156977fae011cca96b9900f62ea33813b6d235df160e0defda74
EXPORTER_SECRET 56e65d71878ce997695412eec0e2e6a27f41bb2780aa6c98643fecc0df09427d e9923a323e5f413b86ec4910796e89cf031bdcf628d8e73df7068cccd110ed81
CLIENT_TRAFFIC_SECRET_0 526709a81a54ab733a44ea7649eae93630d3730c706a86a1d745cab34d63dc61 435ba44d86fda90e7a76d692c3fe5a939e8892ebcad3fa2c08b2194acad6e0c3
SERVER_TRAFFIC_SECRET_0 526709a81a54ab733a44ea7649eae93630d3730c706a86a1d745cab34d63dc61 4f6a09cc6521bcaad1bd403dc5a8294ecf4849e3c3b67be650a1ef2b005769a5
EXPORTER_SECRET 526709a81a54ab733a44ea7649eae93630d3730c706a86a1d745cab34d63dc61 653b1ea2dea6f35fe07e82afde52a8abec60ef55db59619b7c6faaafc43bf2b5
CLIENT_TRAFFIC_SECRET_0 9a735147428714840ce3452f554683a5d942e43e9559dd6b50a7c2e03d672e63 1ff320ee6a74285c322dc04caf1e2304435d60b5352d5315cf742c519f9d36d8
SERVER_TRAFFIC_SECRET_0 9a735147428714840ce3452f554683a5d942e43e9559dd6b50a7c2e03d672e63 9ae255f15db5c02cc2db83d7526ac6fee8f5e377b8356dcb766a2bbae460984c
EXPORTER_SECRET 9a735147428714840ce3452f554683a5d942e43e9559dd6b50a7c2e03d672e63 d30871125005470dd28aaf2706992b155b3f692aa77f3cf071d897f5a027ed56
CLIENT_HANDSHAKE_TRAFFIC_SECRET d9a5b7f833962998810336e26e9f2611daad7d730ae1bb98c3ab70b639858535 42e1a3cfa701e9886206bf2db21b425df84c3ebf152c64c499417a9912e297ae
SERVER_HANDSHAKE_TRAFFIC_SECRET d9a5b7f833962998810336e26e9f2611daad7d730ae1bb98c3ab70b639858535 50a271ebb742d3dfef5492abb7866bfa05420a595e6f9111b28247c8aecabdf1
CLIENT_TRAFFIC_SECRET_0 d9a5b7f833962998810336e26e9f2611daad7d730ae1bb98c3ab70b639858535 5b6b2180a1a4a491d8a5d8bbff3d22fae12160280a62758fa1c6a24a3eac75fc
SERVER_TRAFFIC_SECRET_0 d9a5b7f833962998810336e26e9f2611daad7d730ae1bb98c3ab70b639858535 bfd32e907fec16bc3dab5cb8e51c915c7902228b95816209b2791f49b0a7815b
EXPORTER_SECRET d9a5b7f833962998810336e26e9f2611daad7d730ae1bb98c3ab70b639858535 6e59be700305d6e3340f0d4be6ece7a00aa8d3810b219156913fb1bbbb18901a
CLIENT_HANDSHAKE_TRAFFIC_SECRET 6d2c25f16cae9f06037ea6fb199c66389522cf3edc0ffba32b3dad4981440f67 fad204cfb09f52c9d72dc85eaf7286596ee5bf2eecc48cdd436ac0337ca35bff
SERVER_HANDSHAKE_TRAFFIC_SECRET 6d2c25f16cae9f06037ea6fb199c66389522cf3edc0ffba32b3dad4981440f67 a04a7c9b966116b0709600d5b2dad5555b1de18f0ec866e6d6708cb5e0fb597a
CLIENT_TRAFFIC_SECRET_0 6d2c25f16cae9f06037ea6fb199c66389522cf3edc0ffba32b3dad4981440f67 74fac212bcc60a87e09f3aeca93384f8bdadab432d9882a6bbcc357fb3da4407
SERVER_TRAFFIC_SECRET_0 6d2c25f16cae9f06037ea6fb199c66389522cf3edc0ffba32b3dad4981440f67 664cf000c532e2f738e7e722dd58b37877410e78b68e59c27717598e1c6a0b5f
EXPORTER_SECRET 6d2c25f16cae9f06037ea6fb199c66389522cf3edc0ffba32b3dad4981440f67 f2b92122715031e080f57b24e5a729937661ccd2f96d45e98223def5591497ca
CLIENT_HANDSHAKE_TRAFFIC_SECRET ed3c92546cfaa6f7fc5032b03da7c9a8d9b1fed1ee600b38245c9e666f3a1293 af969b8b4754162982bfcf9aad2bc5b35efaa42f25857e921d130db7d2d9c95ca22e57787490a9e4be4f6ebebd0b66a5
SERVER_HANDSHAKE_TRAFFIC_SECRET ed3c92546cfaa6f7fc5032b03da7c9a8d9b1fed1ee600b38245c9e666f3a1293 6bd46c34b3df49f53294a8f630adda8c63bf71a6def97aa2f01d10333010d0ada1b02eae5dd74b4c38cd73bfd2c8203f
CLIENT_TRAFFIC_SECRET_0 ed3c92546cfaa6f7fc5032b03da7c9a8d9b1fed1ee600b38245c9e666f3a1293 08d9b61362b277e939be1efae83dd219ec3822713dfc260cfd424cb15e0067a6ac2b3096f7ee0edcdc0020051a106324
SERVER_TRAFFIC_SECRET_0 ed3c92546cfaa6f7fc5032b03da7c9a8d9b1fed1ee600b38245c9e666f3a1293 2e654d4a69633f0681a03133e9be2aa2f2dafe2a2c29583b1ac73c8bbaf00e0da7deb243edbcec6cba18af0c32b64b83
EXPORTER_SECRET ed3c92546cfaa6f7fc5032b03da7c9a8d9b1fed1ee600b38245c9e666f3a1293 d070d3666d92e609039d178bc6abd608b1c4a029848f9c2e7052767583d83dc5885cf2703d95a4e497618fc234d30bec
CLIENT_HANDSHAKE_TRAFFIC_SECRET a138be0f5d1169e3fccbb3b552730ebced62bedd7c1a8316107e37444451b9f0 c9a78f2dc5fa901190a947e7a83b46cf064570592693aa4ec64431a76354462e550ec7032cf832ff2e43d8c601f623d7
SERVER_HANDSHAKE_TRAFFIC_SECRET a138be0f5d1169e3fccbb3b552730ebced62bedd7c1a8316107e37444451b9f0 976c65b1993bc0283fedc3d9f3493b268b776d2e8c6a6ec678e6483a906c0f2709de71774a1169db4e28eab2ea9c4de0
CLIENT_TRAFFIC_SECRET_0 a138be0f5d1169e3fccbb3b552730ebced62bedd7c1a8316107e37444451b9f0 0106a20d54735cbc19d91247a3c41f073c8179ba603ed183eda336edfb80ec3d70e03b4b2782905f1579df10e3bd22b7
SERVER_TRAFFIC_SECRET_0 a138be0f5d1169e3fccbb3b552730ebced62bedd7c1a8316107e37444451b9f0 08e0b6407ffe803976370efb85c5ee45c5a9f74f2b6b846385dc4fc10db656272b0ca39387cbbc513a76ce4528bffbd1
EXPORTER_SECRET a138be0f5d1169e3fccbb3b552730ebced62bedd7c1a8316107e37444451b9f0 2c63339c97991a7427f5fc9dd86e5079bc8e1a1a91bd7c9f0d7e690fa88ca3f30d76236d76bb6ab8dd60874c61bcf846
CLIENT_HANDSHAKE_TRAFFIC_SECRET b4d11df2b1ee52dc4dff9fcbfed1967f6647e4d6845428240ff861e559d94c0d ae0b630452723be77573b6f3a1b98753d5410d081e9f89ea685450c5a0bf10cd
SERVER_HANDSHAKE_TRAFFIC_SECRET b4d11df2b1ee52dc4dff9fcbfed1967f6647e4d6845428240ff861e559d94c0d a076aa9efe66b41f2c126e180ff2267cec613222ac875c2d9db7c961ff8e7f56
CLIENT_TRAFFIC_SECRET_0 b4d11df2b1ee52dc4dff9fcbfed1967f6647e4d6845428240ff861e559d94c0d 1ec8ac5544e43c7ea2be0feeb300dacb5a0cd6f05557647210002e54ae70e784
SERVER_TRAFFIC_SECRET_0 b4d11df2b1ee52dc4dff9fcbfed1967f6647e4d6845428240ff861e559d94c0d 86f56d3bf7cf4068b8dbfd3982fc5feba445ba17e6d775cfe75d847938422036
EXPORTER_SECRET b4d11df2b1ee52dc4dff9fcbfed1967f6647e4d6845428240ff861e559d94c0d 06a9d64f22f9464ba4e02424e1aff7572d20c423d9bdf4562d0531ac682b5ae2
CLIENT_HANDSHAKE_TRAFFIC_SECRET 7b2544f4b6210fbf37439637920aa0afe8ec5e66620aad7f02442a42ff831316 11c869daf9ea493b96ba58e1dba2a16ffd6b904573fc14ff7b168246a0f72798
SERVER_HANDSHAKE_TRAFFIC_SECRET 7b2544f4b6210fbf37439637920aa0afe8ec5e66620aad7f02442a42ff831316 7de8a5d61a9fd8bf3d4ce1f84f9a2f65194265cd1de0b5036fbecfc979260fab
CLIENT_TRAFFIC_SECRET_0 7b2544f4b6210fbf37439637920aa0afe8ec5e66620aad7f02442a42ff831316 fc0d5aaefe0b84759b60b013d8428d22cf1a51ea2a1f2efa90c9d09f3fd217d0
SERVER_TRAFFIC_SECRET_0 7b2544f4b6210fbf37439637920aa0afe8ec5e66620aad7f02442a42ff831316 1ff8617938739c6934cea2b7c6f8bc043ee94d25cae15007c3c3aee456fb7353
EXPORTER_SECRET 7b2544f4b6210fbf37439637920aa0afe8ec5e66620aad7f02442a42ff831316 3210a72682809b04245b96e8b2cac62915921af0fb7b418ce0e9cf04bc948c76
CLIENT_HANDSHAKE_TRAFFIC_SECRET 0c69195c2c07757d710c012d146c1f7ad87a0766287e579537ad8393e5df9129 096be81782fad9f9ff8935680d584006621c94498783d9deebeb4ff6b17c4a6e
SERVER_HANDSHAKE_TRAFFIC_SECRET 0c69195c2c07757d710c012d146c1f7ad87a0766287e579537ad8393e5df9129 014373279e6ca0886d230e3972b22800f68d3301f5d8069a66a02bd37366d9f9
CLIENT_TRAFFIC_SECRET_0 0c69195c2c07757d710c012d146c1f7ad87a0766287e579537ad8393e5df9129 4386dbea0edbf77b9d7774d6e6599d7e8272d5bc677fdd7d75830b054c43d5e8
SERVER_TRAFFIC_SECRET_0 0c69195c2c07757d710c012d146c1f7ad87a0766287e579537ad8393e5df9129 415a1f4a3a77b33ada642aa19d581d39259aad43121d81753e90e1db4c3a777f
EXPORTER_SECRET 0c69195c2c07757d710c012d146c1f7ad87a0766287e579537ad8393e5df9129 99b15441a512d61012acf2e0390198f3be3eb97a5ea85b28da24463ae79224a9
CLIENT_HANDSHAKE_TRAFFIC_SECRET 350b43117c37798f086a7bfdb9f2f56f56ded91c0189842d3bdd9c31e1d85e0c ced909822698f7c0c13edb5f6c454def28176519f918fccb917551f3eeb4019e
SERVER_HANDSHAKE_TRAFFIC_SECRET 350b43117c37798f086a7bfdb9f2f56f56ded91c0189842d3bdd9c31e1d85e0c 209fa6ebeca881f6b51f290f52e24e9e8c5190d93186f2e10118e85fbe703898
CLIENT_HANDSHAKE_TRAFFIC_SECRET b391195f54fe8e2bc8815c8670e2c5be66cdb3203ea20d98029d27a4954907ab 13afa48787a38ac5e4303ac223055f19925b5639d1d3c9827583bffe31874554
SERVER_HANDSHAKE_TRAFFIC_SECRET b391195f54fe8e2bc8815c8670e2c5be66cdb3203ea20d98029d27a4954907ab 99659aa32e252c39a58e8adaa123aaca4e5e0fe94f9d566e2e2dea5b75f75a92
CLIENT_TRAFFIC_SECRET_0 b391195f54fe8e2bc8815c8670e2c5be66cdb3203ea20d98029d27a4954907ab c9d4fc54991612a4db90003f7f360b234c4e5a4c4b90105c1a90514a86c9a55b
SERVER_TRAFFIC_SECRET_0 b391195f54fe8e2bc8815c8670e2c5be66cdb3203ea20d98029d27a4954907ab 38717e249f7da475ea13ce32a808d4f0c3b47b1cd7c0b92293c7a64667a74019
EXPORTER_SECRET b391195f54fe8e2bc8815c8670e2c5be66cdb3203ea20d98029d27a4954907ab 42103eba65d8856bd20241352f1c6d6810ddb30c84a3afda9ff51a83ac895755
CLIENT_TRAFFIC_SECRET_0 350b43117c37798f086a7bfdb9f2f56f56ded91c0189842d3bdd9c31e1d85e0c af4dcfa2712efcbc2a6e3ea13804c40c22ccfdf2728f0f7482e14d86ef81861f
SERVER_TRAFFIC_SECRET_0 350b43117c37798f086a7bfdb9f2f56f56ded91c0189842d3bdd9c31e1d85e0c fa091ac006b5cc535eb7f6aa657507fbd61322394c88dd5f791655741fff1c74
EXPORTER_SECRET 350b43117c37798f086a7bfdb9f2f56f56ded91c0189842d3bdd9c31e1d85e0c a74f2706e687a78919267eb6ead5c332a0c2a7d48e405c2dd2b77c56d0994f50
CLIENT_HANDSHAKE_TRAFFIC_SECRET eb15e782434b851b55adcfb96b866b4ee857f46d9f683a6a8880719a05b8e5d1 f91d31369b0b7cb0062ec43e720d2303b3e49f1d866742ce7bb434a6cb74b87a
SERVER_HANDSHAKE_TRAFFIC_SECRET eb15e782434b851b55adcfb96b866b4ee857f46d9f683a6a8880719a05b8e5d1 8f8e7fa73e74aa786dde991abef03b40b6e278851c5f779be7c0f3bf81b52e58
CLIENT_TRAFFIC_SECRET_0 eb15e782434b851b55adcfb96b866b4ee857f46d9f683a6a8880719a05b8e5d1 b1a8817e6a9519fb2ddfb99b1932313787935002d1d224a01387766fe31f9759
SERVER_TRAFFIC_SECRET_0 eb15e782434b851b55adcfb96b866b4ee857f46d9f683a6a8880719a05b8e5d1 bc5ee9a472e34865d9faae9070c635fe06588882bf39cebd6a792e34205f57fe
EXPORTER_SECRET eb15e782434b851b55adcfb96b866b4ee857f46d9f683a6a8880719a05b8e5d1 87fe3c4dfb98ee4cc670f1eade875923826dae2be4d1ba39dc2eb841057751f2
CLIENT_HANDSHAKE_TRAFFIC_SECRET 50a14f8a68d545b72d74019b076aaabad1e4a6b7eb7d18ad867f700afda136cd 0dc4a531f5e7c9cb1be41fd18eae4360b6413f576151b49d540a4e175e726878
SERVER_HANDSHAKE_TRAFFIC_SECRET 50a14f8a68d545b72d74019b076aaabad1e4a6b7eb7d18ad867f700afda136cd c7a835d426b4d40a6fb32a39666b7b33c0f239a13d1bb7233548cac03075d1d5
CLIENT_TRAFFIC_SECRET_0 50a14f8a68d545b72d74019b076aaabad1e4a6b7eb7d18ad867f700afda136cd d808026601dcebbf044788a703271cdee75396b964990ae0792442b2470b7bc0
SERVER_TRAFFIC_SECRET_0 50a14f8a68d545b72d74019b076aaabad1e4a6b7eb7d18ad867f700afda136cd 3b9f3aedda5c39a696fd539215c7a4792e71bd576bb89c081c3dd2f28577d4e0
EXPORTER_SECRET 50a14f8a68d545b72d74019b076aaabad1e4a6b7eb7d18ad867f700afda136cd df4f5ab1886969a24bd3a67fb5242a14788ea2ad2d5df6854c97608d9f57bc06
CLIENT_HANDSHAKE_TRAFFIC_SECRET f532d73f4c1f2d2d6e669bdeff612a51446d3529b813fdb1a91153bb431fdc89 655821f1368981f8d3b408631fc5832fc4ef51a660880670318d170b5e3fa7ff
SERVER_HANDSHAKE_TRAFFIC_SECRET f532d73f4c1f2d2d6e669bdeff612a51446d3529b813fdb1a91153bb431fdc89 974915f030633e2b08b97d41c7760730f97253061ba7c2acf8d8a2c577222d31
CLIENT_TRAFFIC_SECRET_0 f532d73f4c1f2d2d6e669bdeff612a51446d3529b813fdb1a91153bb431fdc89 c0518aace600e6a6208a4227aa8f54a06c32a7fcba20ab1c7e0d7865b7b2f137
SERVER_TRAFFIC_SECRET_0 f532d73f4c1f2d2d6e669bdeff612a51446d3529b813fdb1a91153bb431fdc89 945dc2096272f2afd3bb3857f89d08649bd9b74a7cd96fe4d60781ee5ef94e4c
EXPORTER_SECRET f532d73f4c1f2d2d6e669bdeff612a51446d3529b813fdb1a91153bb431fdc89 551c700cf351b90ca9649daf32ce5bafa497576725c5c0317a6c5bc4429b0e97
CLIENT_HANDSHAKE_TRAFFIC_SECRET 51644ee114d65b95d22cbc0cc50bcddf6a8721b3dc98ffc2d214d2544aeb3391 f180ef3ba7e0bdfecce4793f63707a78fe043e8add96af1cad5701a4650b6e2d
SERVER_HANDSHAKE_TRAFFIC_SECRET 51644ee114d65b95d22cbc0cc50bcddf6a8721b3dc98ffc2d214d2544aeb3391 717db98d756006f0a7f83e82239ebdf2d5b273b8cd6bad75452a6f6cb1fc3faa
CLIENT_TRAFFIC_SECRET_0 51644ee114d65b95d22cbc0cc50bcddf6a8721b3dc98ffc2d214d2544aeb3391 ab49b14957ffbb366d953cab03b10508af8ae70f8479daebddd73482c54f4025
SERVER_TRAFFIC_SECRET_0 51644ee114d65b95d22cbc0cc50bcddf6a8721b3dc98ffc2d214d2544aeb3391 1aca601e12cf006ea9a306bf95f950f8e48223cab7a9941731e76f97b3920f76
EXPORTER_SECRET 51644ee114d65b95d22cbc0cc50bcddf6a8721b3dc98ffc2d214d2544aeb3391 8772024ad43f6816433614d696f31e678c7427c5365ecc898b5f7fdb591bb909
CLIENT_HANDSHAKE_TRAFFIC_SECRET 118a8040ed4f353704833202f618a67fba34a36c7f78a3a574bdf90132d2f3ce 99b924e0aa831bab4df04a4f24647c15b5f5ed971ba264fbc404cc1c3f2d3d66
SERVER_HANDSHAKE_TRAFFIC_SECRET 118a8040ed4f353704833202f618a67fba34a36c7f78a3a574bdf90132d2f3ce cdd28c7eb907a30d66cbf05b42d9756d20026ada495a475a27d0e61434401e1f
CLIENT_TRAFFIC_SECRET_0 118a8040ed4f353704833202f618a67fba34a36c7f78a3a574bdf90132d2f3ce 4b586e66d9ac7bcfb3b483cee5efcfdc5bb3558e7eede092b34a665317763702
SERVER_TRAFFIC_SECRET_0 118a8040ed4f353704833202f618a67fba34a36c7f78a3a574bdf90132d2f3ce 21ac51ad5a63eef5caec1c16dd7a4e28947efdf58feb0236b90e84a6a9cabb4d
EXPORTER_SECRET 118a8040ed4f353704833202f618a67fba34a36c7f78a3a574bdf90132d2f3ce 4faff0d7422e5c91072402abe4be7cf9d955c6c8ade0011a19a524224fec1797
CLIENT_HANDSHAKE_TRAFFIC_SECRET 42ea9385a9d9844c694ecfdde6ae4dfd1479151a160fa771b6ab6751962d906f d12ee70fe8917e0cbd908d2223713669ff8e76ed3833bb1cbc62387080170ddc
SERVER_HANDSHAKE_TRAFFIC_SECRET 42ea9385a9d9844c694ecfdde6ae4dfd1479151a160fa771b6ab6751962d906f abaa17e7ac1fe4b645079b07f898c5482db0fc6eb89b8264c356a6cf9271e4ee
CLIENT_TRAFFIC_SECRET_0 42ea9385a9d9844c694ecfdde6ae4dfd1479151a160fa771b6ab6751962d906f 6ecbe3cc3e21e39301bb50004ae24e057b6da1e24d193e3f98ceaef932ad1efd
SERVER_TRAFFIC_SECRET_0 42ea9385a9d9844c694ecfdde6ae4dfd1479151a160fa771b6ab6751962d906f b99e04a225e95799e4e033b99691050c836986fd6ecb3cbc650692f7b3ac8a07
EXPORTER_SECRET 42ea9385a9d9844c694ecfdde6ae4dfd1479151a160fa771b6ab6751962d906f 54088232278887fa413b397e640dd00a18c07bd0c20258544beef0820fe09d27
CLIENT_HANDSHAKE_TRAFFIC_SECRET 6a9a96d41c7208b80cf34cbe2cae6469b53d1df2f34ad365f54ad418826c61ed e4a5d8bd1907778119db9cac5ed23415f748c932dbcada0763e88eacb42827de
SERVER_HANDSHAKE_TRAFFIC_SECRET 6a9a96d41c7208b80cf34cbe2cae6469b53d1df2f34ad365f54ad418826c61ed 5a67781a6c0ee435c6f25918bf65ed064b48a3ccbc201731108f962db2e3f41f
CLIENT_TRAFFIC_SECRET_0 6a9a96d41c7208b80cf34cbe2cae6469b53d1df2f34ad365f54ad418826c61ed c088b85a280a525edc6fc533304cf27bb2219d1f3b302406beaebda6fb70a5e2
SERVER_TRAFFIC_SECRET_0 6a9a96d41c7208b80cf34cbe2cae6469b53d1df2f34ad365f54ad418826c61ed 63b2ae51332db74578471808fad4c8533a33fec35bd3957d101f98ac39fd3545
EXPORTER_SECRET 6a9a96d41c7208b80cf34cbe2cae6469b53d1df2f34ad365f54ad418826c61ed fe35df1e7935a20afee3418816ff0a0ed0546c0886c76bfa9eb5806ef9912c99
CLIENT_HANDSHAKE_TRAFFIC_SECRET f88a4afde33fd13f1b653ae601656013698139a229e6f94a423179d2f9139a93 8d7bc393a72d8426a7b2636f0944051496aaf004e21b2ca59dd0ad5f3d917c9d
SERVER_HANDSHAKE_TRAFFIC_SECRET f88a4afde33fd13f1b653ae601656013698139a229e6f94a423179d2f9139a93 ce4fcd3fe6d10c22ec661d1fcdcfac1b02a0d3d386e6631f51003a864696959a
CLIENT_HANDSHAKE_TRAFFIC_SECRET ee9bbd23b2f341f8ce22a7a63f0390e7cb59821cc19bc831bf2010c9cee14b86 1aa9db88b99bb64f9964171551cf0bcb71d8a87e2bf4ac373723f5b84f1ea799
SERVER_HANDSHAKE_TRAFFIC_SECRET ee9bbd23b2f341f8ce22a7a63f0390e7cb59821cc19bc831bf2010c9cee14b86 79bda7a1437d4136a6dd0f1d5c83858cb12c53a31023ad2f97d83e15d1e682bf
CLIENT_HANDSHAKE_TRAFFIC_SECRET 02aa7b80ffbde23770acbad9599d07072f415fc163795a860acb8d3fdc0e72e9 f40faac4e22b2eeeebcf47fda4ac7042d46eb5008b454fc0e69833a920e61a77
SERVER_HANDSHAKE_TRAFFIC_SECRET 02aa7b80ffbde23770acbad9599d07072f415fc163795a860acb8d3fdc0e72e9 d3990237578c6775a8dded813e3e888182518b844e69010776ddde3f1f03f216
CLIENT_TRAFFIC_SECRET_0 ee9bbd23b2f341f8ce22a7a63f0390e7cb59821cc19bc831bf2010c9cee14b86 ead4f561876593ed8a848415bec598c94239fead02b0856b6b17a3356a51f246
SERVER_TRAFFIC_SECRET_0 ee9bbd23b2f341f8ce22a7a63f0390e7cb59821cc19bc831bf2010c9cee14b86 d95ffa83104369c53402b2025171f7a39619581365a59d86493a63c8b478b643
EXPORTER_SECRET ee9bbd23b2f341f8ce22a7a63f0390e7cb59821cc19bc831bf2010c9cee14b86 e2b88971bc2cced9ce8625b7a42008cbb2316cec08f42b504a2fd53341237161
CLIENT_TRAFFIC_SECRET_0 f88a4afde33fd13f1b653ae601656013698139a229e6f94a423179d2f9139a93 22f2da291b6c72450d6b31336237d5a46f6d27d91ca0eb1dcea1cbab7da27d17
SERVER_TRAFFIC_SECRET_0 f88a4afde33fd13f1b653ae601656013698139a229e6f94a423179d2f9139a93 1b722915214cfd748c61d6927d7aa271f0717daf3d19db40fcc2c9594d1033f6
EXPORTER_SECRET f88a4afde33fd13f1b653ae601656013698139a229e6f94a423179d2f9139a93 091d1d97d6b7578129c020703a0d0b0ce9504cad8cc88c41c3173dc4012a0206
CLIENT_HANDSHAKE_TRAFFIC_SECRET a3db93943df28e249b4cd262df8b3dd3f5bdf6ecbce20929d50c3c69598ec549 07cca4a0453b9fb699cd9c614812a72ab611c50ca3cbc7b72d60ad547af91468
SERVER_HANDSHAKE_TRAFFIC_SECRET a3db93943df28e249b4cd262df8b3dd3f5bdf6ecbce20929d50c3c69598ec549 8bf6d150c97f86b232ac7679ce91e2c91230f66776e885dede2e0cc0da25549c
CLIENT_TRAFFIC_SECRET_0 02aa7b80ffbde23770acbad9599d07072f415fc163795a860acb8d3fdc0e72e9 055e587593b12ec3780183a5aaa32d8073257fbdb20bf758b009e17e6ae0ce72
SERVER_TRAFFIC_SECRET_0 02aa7b80ffbde23770acbad9599d07072f415fc163795a860acb8d3fdc0e72e9 6796798dcf4c83b34fc28d26cfc0476658219c7a82915f72869739c326060a10
EXPORTER_SECRET 02aa7b80ffbde23770acbad9599d07072f415fc163795a860acb8d3fdc0e72e9 fda4b4fd91f67845da4c40025cc43dd3a4626cff75f9e78ffd7c07ec15f7ceac
CLIENT_HANDSHAKE_TRAFFIC_SECRET df09526989e9269dfc28ab85b0eb27a4c0bf25c94c8c789ea6dc8585b07eb6f9 9419301f5354233118cfcf50275f07be7b720ee2d05c2e298f1c10e6f60088b1
SERVER_HANDSHAKE_TRAFFIC_SECRET df09526989e9269dfc28ab85b0eb27a4c0bf25c94c8c789ea6dc8585b07eb6f9 f49ceb0a9b1da7d4708fe9fc162e92994900d97d740bc1e2f6e81fed00740d4d
CLIENT_TRAFFIC_SECRET_0 a3db93943df28e249b4cd262df8b3dd3f5bdf6ecbce20929d50c3c69598ec549 2592497a720d224f20df93b795d4d45792b50403004f466a95836731a994ff0d
SERVER_TRAFFIC_SECRET_0 a3db93943df28e249b4cd262df8b3dd3f5bdf6ecbce20929d50c3c69598ec549 69f208a134b6fbcc994eaefab255af1173c482468cab9306f168bc050a28e0ef
EXPORTER_SECRET a3db93943df28e249b4cd262df8b3dd3f5bdf6ecbce20929d50c3c69598ec549 6eea3bf0d458296da789ae61b98992a16dcca17dcdd11f74ffeaab22d7505f5e
CLIENT_TRAFFIC_SECRET_0 df09526989e9269dfc28ab85b0eb27a4c0bf25c94c8c789ea6dc8585b07eb6f9 7c1b473525a065b820039dfcca0d7555612a7153d72194d949fd63b8e5e2e440
SERVER_TRAFFIC_SECRET_0 df09526989e9269dfc28ab85b0eb27a4c0bf25c94c8c789ea6dc8585b07eb6f9 23a9f40e11276ab6c7d3b662900db892bf9b85ed3aa66b92d6b9f5490a74f0bc
EXPORTER_SECRET df09526989e9269dfc28ab85b0eb27a4c0bf25c94c8c789ea6dc8585b07eb6f9 4ac90c27e6af14b7c25e2693f15033972623e9734296eab41d5c37388f89669a
CLIENT_HANDSHAKE_TRAFFIC_SECRET 91f9c9a26177391a05c36ce417ffbbeede866e31dec79af426e2920cdb74bffa 3099bba8ebc3332f198a7a9b483c691cc8594d8566ca58f3f99cf34df2e0a9f0
SERVER_HANDSHAKE_TRAFFIC_SECRET 91f9c9a26177391a05c36ce417ffbbeede866e31dec79af426e2920cdb74bffa 52fd154e56bfeea171c7b1fcc8f36372ffae3f54bcc74d0a9cd1334f8997ec7f
CLIENT_TRAFFIC_SECRET_0 91f9c9a26177391a05c36ce417ffbbeede866e31dec79af426e2920cdb74bffa 803a0451c6fffb7d5621d241ebfb3969f5f2c9229cb0ac35db2d2ce8723eb5a6
SERVER_TRAFFIC_SECRET_0 91f9c9a26177391a05c36ce417ffbbeede866e31dec79af426e2920cdb74bffa b05ecb619a506e306fe0c311d0d962b3f03f7925ca220e3aa955d995a8bd94dd
EXPORTER_SECRET 91f9c9a26177391a05c36ce417ffbbeede866e31dec79af426e2920cdb74bffa 8305dd2d82c28df64b8ad4f36c438edd8e1f7b01f7ff888eba24d499c70e172e
CLIENT_HANDSHAKE_TRAFFIC_SECRET d24b8bd468298707c97213a0380dabb0fb4b81a545e785264c7eda90ce6e28aa 1a2d558d07ece36caadbddcdf0b82af1d436a68427447cd1f2d9c5f1a72fcf98
SERVER_HANDSHAKE_TRAFFIC_SECRET d24b8bd468298707c97213a0380dabb0fb4b81a545e785264c7eda90ce6e28aa c06f293c66f3d40ff410280da75d7be793bbd8a3db07e1044c71a67be922ff22
CLIENT_TRAFFIC_SECRET_0 d24b8bd468298707c97213a0380dabb0fb4b81a545e785264c7eda90ce6e28aa 7b2d978bffe0af3273d36a231879c8e94d43fa04bccb27bc4ecbb25da800c346
SERVER_TRAFFIC_SECRET_0 d24b8bd468298707c97213a0380dabb0fb4b81a545e785264c7eda90ce6e28aa cedb03d9478a411d997e4d5de208e70122c76923560b3e9883100203a25c0d6a
EXPORTER_SECRET d24b8bd468298707c97213a0380dabb0fb4b81a545e785264c7eda90ce6e28aa 6d2bdbe3b749c122c426e0805744afe0899cb248e39a5fe4613f13b74fc576de
CLIENT_HANDSHAKE_TRAFFIC_SECRET bec035adc384fe4df4cc1484ed4cb6ea8bfbd57d1235fb044e9c7fd64a17d05a 2856bb7568842a3357a00ac3ae7d2498ca99de247bb94bcce1d0a284d8919417
SERVER_HANDSHAKE_TRAFFIC_SECRET bec035adc384fe4df4cc1484ed4cb6ea8bfbd57d1235fb044e9c7fd64a17d05a fd5a74b7113a68453e2d9052c0b374a3ea120d2426cf3bb6c62ce513cbb9d8f2
CLIENT_TRAFFIC_SECRET_0 bec035adc384fe4df4cc1484ed4cb6ea8bfbd57d1235fb044e9c7fd64a17d05a cb2f3d1feaa300d977f7352d824fd5005b73336cb85d84d59907a38c33a177ac
SERVER_TRAFFIC_SECRET_0 bec035adc384fe4df4cc1484ed4cb6ea8bfbd57d1235fb044e9c7fd64a17d05a 72142712517a8f1dcb1d19cc61aefaf4ed44d8cb7ef5c1a5a14721f1460f8757
EXPORTER_SECRET bec035adc384fe4df4cc1484ed4cb6ea8bfbd57d1235fb044e9c7fd64a17d05a c7cd1a04f6648dcf37b34c08e300e7995ddaf54bc53b5b88100ad783ba01c800
CLIENT_HANDSHAKE_TRAFFIC_SECRET ae184e9dea76a63897f8e792a26634e266413a07d1291708677888634172a82f f48685400d6407c1820c9533a3f094f693f3df1a425a8c0f8a88b6ca922527f7
SERVER_HANDSHAKE_TRAFFIC_SECRET ae184e9dea76a63897f8e792a26634e266413a07d1291708677888634172a82f 096e907df3bf0313d27fb047a0de26e734623f1e10c915894665a6d327665bb4
CLIENT_HANDSHAKE_TRAFFIC_SECRET d3f1797a8df0763595c382664a77177221ce8776454cca408f882f0c2bc4a5ec 82a5d50de53ed00fe4fc75c3aba0addde05bfe9f7e9b5c544d4fea1a86703411
SERVER_HANDSHAKE_TRAFFIC_SECRET d3f1797a8df0763595c382664a77177221ce8776454cca408f882f0c2bc4a5ec e6eafc1581756dbc83740521a703c412de0193f13296ee6e31d7615c3aeb460d
CLIENT_TRAFFIC_SECRET_0 ae184e9dea76a63897f8e792a26634e266413a07d1291708677888634172a82f 984bb877ee207949c0bd871a0cd9539af0a1250a2b41f108d6c9cda817b350b1
SERVER_TRAFFIC_SECRET_0 ae184e9dea76a63897f8e792a26634e266413a07d1291708677888634172a82f 481328371c2d7377aae520cdc15af0f3cdbc663c121a42cdd2177ca2e96ce87d
EXPORTER_SECRET ae184e9dea76a63897f8e792a26634e266413a07d1291708677888634172a82f 63d056bf8e471bb2fce4ad2303d8395dc93dd7699ca4a85eae226afc216582e6
CLIENT_TRAFFIC_SECRET_0 d3f1797a8df0763595c382664a77177221ce8776454cca408f882f0c2bc4a5ec 41810dc1080e3ff101a7b8a4da93b080169532fa79196f2acf4ca5312cf0b3d3
SERVER_TRAFFIC_SECRET_0 d3f1797a8df0763595c382664a77177221ce8776454cca408f882f0c2bc4a5ec 32b637c216b078dc14067d2a258817a298f77dd0ba1ed2b7ad739bc23b37c023
EXPORTER_SECRET d3f1797a8df0763595c382664a77177221ce8776454cca408f882f0c2bc4a5ec bef170b21726f1fa2dbb4610dc8fed5b4a665b2ca2b7db63e1d2832b3a4214c5
CLIENT_HANDSHAKE_TRAFFIC_SECRET efdaee082a2a02e44bc4ff4e37acb1268d1ae8cff5180bf07c25bb3a14d8fff8 f9c359bf6d6f8cfcb1dfe9fb167329683fc5b098c86d53aac1536a61399a0d89
SERVER_HANDSHAKE_TRAFFIC_SECRET efdaee082a2a02e44bc4ff4e37acb1268d1ae8cff5180bf07c25bb3a14d8fff8 5a32ccd6d24d22d981178b020ec000235601fc539bb66be19ee2fff5ca96250c
CLIENT_TRAFFIC_SECRET_0 efdaee082a2a02e44bc4ff4e37acb1268d1ae8cff5180bf07c25bb3a14d8fff8 e799da175cf5d12bf650c38e439b05bb82df7b83ec64b71fa253aa087713dbe4
SERVER_TRAFFIC_SECRET_0 efdaee082a2a02e44bc4ff4e37acb1268d1ae8cff5180bf07c25bb3a14d8fff8 cec26b90beea37596e70996a88bfee0afada7560b1258e0744151b0a4a11f4f4
EXPORTER_SECRET efdaee082a2a02e44bc4ff4e37acb1268d1ae8cff5180bf07c25bb3a14d8fff8 97542130c0ca53a963c0ed74d45312d54f8fedad258cc559b57bc464cfa6129b
CLIENT_HANDSHAKE_TRAFFIC_SECRET aa3a2ea0239e2f1a04ca9d33570eb31238bbf94f6936dd75fe0d8b24dc983f65 7ef2710f74cd2bc39eb18f9cace31cbc0a9dbc4becdb2ea24ee4326547915870
SERVER_HANDSHAKE_TRAFFIC_SECRET aa3a2ea0239e2f1a04ca9d33570eb31238bbf94f6936dd75fe0d8b24dc983f65 0d0c23aedf2aad3b23f26a47453249f0f7df662b2cdd5e503e6af80a89889504
CLIENT_TRAFFIC_SECRET_0 aa3a2ea0239e2f1a04ca9d33570eb31238bbf94f6936dd75fe0d8b24dc983f65 d587920aa671f2ed42fcbc9f946396c85cc59f8efe48372bf3fd7c6a2b15bf66
SERVER_TRAFFIC_SECRET_0 aa3a2ea0239e2f1a04ca9d33570eb31238bbf94f6936dd75fe0d8b24dc983f65 97d113670d48ec7210d733be2132f81311b57da1c8ebcd231f22f92e2b223152
EXPORTER_SECRET aa3a2ea0239e2f1a04ca9d33570eb31238bbf94f6936dd75fe0d8b24dc983f65 8f516e834f90d5236f1dbfc0ae2818f8a1f1dd437ee05b49e2756f18756dae5e
CLIENT_HANDSHAKE_TRAFFIC_SECRET 400f3e4cc169a86e137b072721da69e2c42c64777b003169b059e1abbc7508b3 dbd2cff7ebda15da15a5e4c7d78361343528637dc0fe6e98c5009b7de5467735
SERVER_HANDSHAKE_TRAFFIC_SECRET 400f3e4cc169a86e137b072721da69e2c42c64777b003169b059e1abbc7508b3 6e2fca5d70e43bfd0bb6194e4d742bd794087b4532d5cc734734f79d51d910f7
CLIENT_TRAFFIC_SECRET_0 400f3e4cc169a86e137b072721da69e2c42c64777b003169b059e1abbc7508b3 6bb663d617629bca71659b212cadb76837b913a7e38f46e37906d0d2463d9cc1
SERVER_TRAFFIC_SECRET_0 400f3e4cc169a86e137b072721da69e2c42c64777b003169b059e1abbc7508b3 97bfc5524b60b1998cb5cf6838d0322ce876b2b82fc05cc2842d721645202478
EXPORTER_SECRET 400f3e4cc169a86e137b072721da69e2c42c64777b003169b059e1abbc7508b3 d40e574b1f9ea8c8751695b9966b66d4276990dab76b44a30e9708043a54be06
CLIENT_HANDSHAKE_TRAFFIC_SECRET 94b30047f0f690d49c34a2e5878ba6ce90eee33ec7de3dbf1fe48ec6b4d35059 0f89a812e2a08955f2a4be13bf4a4776b7c41050677dfdcc85a8c78764d24123
SERVER_HANDSHAKE_TRAFFIC_SECRET 94b30047f0f690d49c34a2e5878ba6ce90eee33ec7de3dbf1fe48ec6b4d35059 1c4bdfd0efb7bd6c2205311507a08c231bebdd883eb20bf1932942b8ce4b0901
CLIENT_TRAFFIC_SECRET_0 94b30047f0f690d49c34a2e5878ba6ce90eee33ec7de3dbf1fe48ec6b4d35059 52bd401c9eaa5a0e950ac37e04d29d44fb23b35845c557f8855dc670985bb3d9
SERVER_TRAFFIC_SECRET_0 94b30047f0f690d49c34a2e5878ba6ce90eee33ec7de3dbf1fe48ec6b4d35059 9ca24bfb1f5f99c5cd68fa2384510d6cb1db38fd127d5edbd31822284fdd8d74
EXPORTER_SECRET 94b30047f0f690d49c34a2e5878ba6ce90eee33ec7de3dbf1fe48ec6b4d35059 ef1879f53e466dd727a86494ccf8cf2942176c924d36726900b38f693a031198
CLIENT_EARLY_TRAFFIC_SECRET 1bc6626ad653a302ce7d7f7a6c36eadb0dd3adfc2180247198655c5b72ebc21e b4bdeb45d1e68bddee9c2df11c90c2f74a882ffd8c05e69de0414bda408266c4
CLIENT_EARLY_TRAFFIC_SECRET 75ee5b8fb9e64311df5c6b781129f0e378640e95c5b81b5316a836b6cb4c543a c388647f17b7717246737823abfcc5ca982586b8e87590c641344da397f8703a
CLIENT_HANDSHAKE_TRAFFIC_SECRET 5a0ac3173fefa1263f9a48ef0f33775d35011cc302f76238c45e248a7b755309 236ced689908fbf46dc865c51aa2d90101e2238b220a516ff49fe0c6f5867224
SERVER_HANDSHAKE_TRAFFIC_SECRET 5a0ac3173fefa1263f9a48ef0f33775d35011cc302f76238c45e248a7b755309 abb3caa8617bb661873faa294bf63cbc6cde222bbbcb8ca67ff5b1277959d66b
CLIENT_HANDSHAKE_TRAFFIC_SECRET 1bc6626ad653a302ce7d7f7a6c36eadb0dd3adfc2180247198655c5b72ebc21e feb55101f43058884a7f4ead5a3caf1550207cb83278b5e1318503e846286051
SERVER_HANDSHAKE_TRAFFIC_SECRET 1bc6626ad653a302ce7d7f7a6c36eadb0dd3adfc2180247198655c5b72ebc21e ea11ed727021c27857b04cfc3d36a879d50d38fd6f88582b8f597b501550c7b4
CLIENT_TRAFFIC_SECRET_0 1bc6626ad653a302ce7d7f7a6c36eadb0dd3adfc2180247198655c5b72ebc21e 2729fc01ab83ed165329db059e8de0f9a2944410c175b194b12914898943e673
SERVER_TRAFFIC_SECRET_0 1bc6626ad653a302ce7d7f7a6c36eadb0dd3adfc2180247198655c5b72ebc21e 461581d5c1b90f5ff36c19743afdd0cccb785194de709550ffdabb246a4a05ca
EXPORTER_SECRET 1bc6626ad653a302ce7d7f7a6c36eadb0dd3adfc2180247198655c5b72ebc21e bba4b3e1b448f5c0ac02849944733dcc7b2ff05f80ce134f9894dec7fb91b4fe
CLIENT_HANDSHAKE_TRAFFIC_SECRET 6c340ea8f775592286dfdb0760355fcd534c482431fc8a9aa20f5cb230b6fef8 5b2f6462e1e60789002e378e51990b9c77018d611cc1257074f7079c7d56d191
SERVER_HANDSHAKE_TRAFFIC_SECRET 6c340ea8f775592286dfdb0760355fcd534c482431fc8a9aa20f5cb230b6fef8 ad14dbe954295822243f9bc3dc81e3a630ef49c5812546cc9b1cf5e7a10a3a85
CLIENT_HANDSHAKE_TRAFFIC_SECRET 75ee5b8fb9e64311df5c6b781129f0e378640e95c5b81b5316a836b6cb4c543a 911ed6993116f221519f3c203a47580ad39db08dfcb632280104f02bb2bd08c6
SERVER_HANDSHAKE_TRAFFIC_SECRET 75ee5b8fb9e64311df5c6b781129f0e378640e95c5b81b5316a836b6cb4c543a 31242a4a81dd1d6def20009a9e698bd55d7863d78c100727bbd3a2a5b41ec4a7
CLIENT_TRAFFIC_SECRET_0 75ee5b8fb9e64311df5c6b781129f0e378640e95c5b81b5316a836b6cb4c543a 636b92e939fcf0a44804d04fd069fad742233a5eafa0387cd0f5c6e7b885f6a5
SERVER_TRAFFIC_SECRET_0 75ee5b8fb9e64311df5c6b781129f0e378640e95c5b81b5316a836b6cb4c543a 56afd45e1606bc7043a56d7a8864905cc17ee35e197d77c8aa5260f7060ce83c
EXPORTER_SECRET 75ee5b8fb9e64311df5c6b781129f0e378640e95c5b81b5316a836b6cb4c543a 0b780e857fca22a5ca72b30285dc4a00658452483bfde5ebee1f5364374dd8b4
CLIENT_TRAFFIC_SECRET_0 5a0ac3173fefa1263f9a48ef0f33775d35011cc302f76238c45e248a7b755309 42fb08972e2fba7f4fa78f3e96fb9471a76fa46a1c93584b4650d91c478ec7ae
SERVER_TRAFFIC_SECRET_0 5a0ac3173fefa1263f9a48ef0f33775d35011cc302f76238c45e248a7b755309 29fb08903da732f2454ca1c5e2cf39c095b940672308108356b4f616d0a58b50
EXPORTER_SECRET 5a0ac3173fefa1263f9a48ef0f33775d35011cc302f76238c45e248a7b755309 f541f99e8319e4d4ad4c65a3e8b044e167e07390da4bc3d314ec7b380c6bb2d7
CLIENT_TRAFFIC_SECRET_0 6c340ea8f775592286dfdb0760355fcd534c482431fc8a9aa20f5cb230b6fef8 d737272770e2b47f448a33df845343523e8b936c0739b8949b1e8708cf96e9d2
SERVER_TRAFFIC_SECRET_0 6c340ea8f775592286dfdb0760355fcd534c482431fc8a9aa20f5cb230b6fef8 b1232ded29700270c8cc20c3c2d7189336fe88d4f241fa778e946df457c36126
EXPORTER_SECRET 6c340ea8f775592286dfdb0760355fcd534c482431fc8a9aa20f5cb230b6fef8 713999c14d6e0fa3a1a0f89a9045a127a8ad390b16523c6619bf689f352bc887
CLIENT_HANDSHAKE_TRAFFIC_SECRET d0c2570660ae6198e2c443af342d7f1c7062bca5d8e50ae4facbdc0e0b237a31 4d0a26916bbd9e7728b76161a403e0f69dff10f91922b820ce61be8207e1c5c0
SERVER_HANDSHAKE_TRAFFIC_SECRET d0c2570660ae6198e2c443af342d7f1c7062bca5d8e50ae4facbdc0e0b237a31 af5d53a33de985acec5a82b8a671c43256a85295684271a4fc84a513bee4175f
CLIENT_TRAFFIC_SECRET_0 d0c2570660ae6198e2c443af342d7f1c7062bca5d8e50ae4facbdc0e0b237a31 b252610af51b3eddf0dbb27532c325b865f8e934e580e0acacfc7af9dafef2d5
SERVER_TRAFFIC_SECRET_0 d0c2570660ae6198e2c443af342d7f1c7062bca5d8e50ae4facbdc0e0b237a31 3eb847cd5e2af44baceef423b39418626d1b6d1e68fcae66d1ea228584359eb3
EXPORTER_SECRET d0c2570660ae6198e2c443af342d7f1c7062bca5d8e50ae4facbdc0e0b237a31 aa10db1706ceaa551efdef2d84dfac2564b26d01851f3660f448ad38261d8874
CLIENT_HANDSHAKE_TRAFFIC_SECRET dd304776f18832e39d5d5e52c4b17b87e0159bc96204efa206dc86fbe597685b 596cb01f7240f67046063e72bbfa5b80e3ecf00b727fda1a49954e5bdb717551
SERVER_HANDSHAKE_TRAFFIC_SECRET dd304776f18832e39d5d5e52c4b17b87e0159bc96204efa206dc86fbe597685b d9d680fe571d89d0fc4c267dd96a3b31bd3599437de816959681cc16bb8856eb
CLIENT_TRAFFIC_SECRET_0 dd304776f18832e39d5d5e52c4b17b87e0159bc96204efa206dc86fbe597685b 64b852efdea974cd6835a65fa7d0dae17325166281db5123c914bf9ce8127402
SERVER_TRAFFIC_SECRET_0 dd304776f18832e39d5d5e52c4b17b87e0159bc96204efa206dc86fbe597685b 5ce521229482c1b32fc2b45a60adca4ef2d152ae9697ab9a50fd6e235e730242
EXPORTER_SECRET dd304776f18832e39d5d5e52c4b17b87e0159bc96204efa206dc86fbe597685b bfaab806a899752e8b063f3fff1c70f66c911e5c535842fd1d6adae964ff97e3
CLIENT_EARLY_TRAFFIC_SECRET 90111b7f6bf3d38df9f916e1b2b25bc9010db064fa5b87545f573766ace949cb 903b5b5b09bbdc9b82c6c0a5a4e5abcd51754c5401a0fe948402290ca65f582e
CLIENT_EARLY_TRAFFIC_SECRET 4011b537eb62b1a83f8cb8225cf030f55a8014db2e089e5227f176d17aa4b4e5 4a2e8486f366c7b19c06f3da7ee55c8a3ca3feb7c219b97b8353ae0817021750
CLIENT_HANDSHAKE_TRAFFIC_SECRET 90111b7f6bf3d38df9f916e1b2b25bc9010db064fa5b87545f573766ace949cb 30e9afe54192e35649634879c4d49c2a634e9c0680b8b5411353c75c2f6e3d95
SERVER_HANDSHAKE_TRAFFIC_SECRET 90111b7f6bf3d38df9f916e1b2b25bc9010db064fa5b87545f573766ace949cb 52c4c3509da123b2b801384f59a12aaf5b1bb5b6bfa6dc26a3ae6db220448a57
CLIENT_TRAFFIC_SECRET_0 90111b7f6bf3d38df9f916e1b2b25bc9010db064fa5b87545f573766ace949cb 67fc1dad58edac3a72ef45a6322402a636a3c9eeba69a79b1da3363ff2d0ec99
SERVER_TRAFFIC_SECRET_0 90111b7f6bf3d38df9f916e1b2b25bc9010db064fa5b87545f573766ace949cb 645e38ddaf7900bd23c53a23a5e024c9599bf3c116b58e257808023649a8232f
EXPORTER_SECRET 90111b7f6bf3d38df9f916e1b2b25bc9010db064fa5b87545f573766ace949cb a5cf50a38ebe1140ddc45642d6f9e604ad3a8812505f456ca3417080cda44cb3
CLIENT_HANDSHAKE_TRAFFIC_SECRET 4011b537eb62b1a83f8cb8225cf030f55a8014db2e089e5227f176d17aa4b4e5 5ad0fc27cbb3be2fe55bc078577268876b6b59b35e827439eb6e2f3e7960ecd2
SERVER_HANDSHAKE_TRAFFIC_SECRET 4011b537eb62b1a83f8cb8225cf030f55a8014db2e089e5227f176d17aa4b4e5 621610aa022c6d266c8e1ebec0102ac9b868e8160bf62fe76c9edd65e0c963f7
CLIENT_TRAFFIC_SECRET_0 4011b537eb62b1a83f8cb8225cf030f55a8014db2e089e5227f176d17aa4b4e5 ffcd00182045ac94397ff2e12092958681efe3a957db9595b467e55bfae40222
SERVER_TRAFFIC_SECRET_0 4011b537eb62b1a83f8cb8225cf030f55a8014db2e089e5227f176d17aa4b4e5 a110d550be63f5e8e63a444f2c9864f3f54bd6a7b2c6438ce448d75404837bf2
EXPORTER_SECRET 4011b537eb62b1a83f8cb8225cf030f55a8014db2e089e5227f176d17aa4b4e5 1e4c2d75c037470e39f9f053199bf6cedddf19c7a57e59dc7358a7bc753561b6
CLIENT_HANDSHAKE_TRAFFIC_SECRET f39a009dedb3c3ee8702915841939734205d32763bff9ebebbe0626e902096ef c5c2e4a6d8ac8c6a4fe9afc4485e50067804800b1b5e6d3eff3031f05567e189
SERVER_HANDSHAKE_TRAFFIC_SECRET f39a009dedb3c3ee8702915841939734205d32763bff9ebebbe0626e902096ef e9ba75c5a6e57ce2924fb903919eab26ca9eb183856512d5b0280098ebeca12b
CLIENT_TRAFFIC_SECRET_0 f39a009dedb3c3ee8702915841939734205d32763bff9ebebbe0626e902096ef 4041b4cb0185b90173d3d5c5b8aadb59fac054937cf8534d76e64a52a3adb8bc
SERVER_TRAFFIC_SECRET_0 f39a009dedb3c3ee8702915841939734205d32763bff9ebebbe0626e902096ef 8efc6b5e7939b2cfd6c1ca3e7259c2a0788696131af6e505904f7c056a64b44d
EXPORTER_SECRET f39a009dedb3c3ee8702915841939734205d32763bff9ebebbe0626e902096ef 6717390caa7f2945ce23ea62269574ff15ffaae293d696cb97040d69f7cb2311
CLIENT_HANDSHAKE_TRAFFIC_SECRET d60ea989222234bd3c112f40c8060fa9440a135fb86975e7393154b07d27ffe4 e14da3a6259d06e0ac4f47d5a2742384ec8ec81099569c1e092c6c10130be136
SERVER_HANDSHAKE_TRAFFIC_SECRET d60ea989222234bd3c112f40c8060fa9440a135fb86975e7393154b07d27ffe4 be1e32d131d3a49dadaca2117542b60b559bea05a0a56a9219f798d36889c0e5
CLIENT_TRAFFIC_SECRET_0 d60ea989222234bd3c112f40c8060fa9440a135fb86975e7393154b07d27ffe4 1b16c86d6dbea43a2d0310076d4d060db041ac6d682b7a6f4911738e75c9e7a9
SERVER_TRAFFIC_SECRET_0 d60ea989222234bd3c112f40c8060fa9440a135fb86975e7393154b07d27ffe4 2845edc2823b5615f36379b145ec7b7524830dda78f09eba622d1b12ed8220d7
EXPORTER_SECRET d60ea989222234bd3c112f40c8060fa9440a135fb86975e7393154b07d27ffe4 6c74cab6212023b096a60df684696fbcb7dbb518042929ed5f8d234f51977246
CLIENT_HANDSHAKE_TRAFFIC_SECRET a0aad370df487c7fe727bcf77e00d17fec8b23bcef2bd1cf5303bb6b1ba2ea2c 5da3e21471b49ee1759b891ea1ab0a92d0d3190118e5e9130cfd5238b61f8e85
SERVER_HANDSHAKE_TRAFFIC_SECRET a0aad370df487c7fe727bcf77e00d17fec8b23bcef2bd1cf5303bb6b1ba2ea2c 8fe22ba0764daa594d7e9cfebb6e2c7000be3b7b57dde5896e422d145457aec5
CLIENT_EARLY_TRAFFIC_SECRET e21364b34f81b690bf76b606246a47098a7aea72c175ed3b9878fabe53214f19 51425e3edd07ce68ccb7e0d0db5406ca06b7e7d8d564577e5b86a4f8664f7aaa
CLIENT_HANDSHAKE_TRAFFIC_SECRET 95cc01da69ed19cc38f5918914ec80e42f1c38e322ef9e492cf09b89641556df 5cc0795bebde4506514bf3fe0370abcc987da3c826e623e9fb9055d260e2f757
SERVER_HANDSHAKE_TRAFFIC_SECRET 95cc01da69ed19cc38f5918914ec80e42f1c38e322ef9e492cf09b89641556df a74faf40b355a5e1c1661cd1bf42d5ecaf54d2a383a72cc42feb0fe5a80e913f
CLIENT_TRAFFIC_SECRET_0 95cc01da69ed19cc38f5918914ec80e42f1c38e322ef9e492cf09b89641556df aa2d4b1b561631574fb7ac19fcde656ad122b5a8464008936d2017cef6708f8f
SERVER_TRAFFIC_SECRET_0 95cc01da69ed19cc38f5918914ec80e42f1c38e322ef9e492cf09b89641556df f47a6253d2abacca53cd0a013a2b0a6940f60f414d966cc8dbbea6e1022aa66a
EXPORTER_SECRET 95cc01da69ed19cc38f5918914ec80e42f1c38e322ef9e492cf09b89641556df c013d73f2ae3821f767621d8d388cb405b8a6b35582d918865e30f2aa18fccf9
CLIENT_TRAFFIC_SECRET_0 a0aad370df487c7fe727bcf77e00d17fec8b23bcef2bd1cf5303bb6b1ba2ea2c 46c4d2121fb7a7e09f0fab1f575ccbbf96a56bcc542873611d0b54a6b576dbfe
SERVER_TRAFFIC_SECRET_0 a0aad370df487c7fe727bcf77e00d17fec8b23bcef2bd1cf5303bb6b1ba2ea2c 57fa10909cbc039e7845a594755b4885c5d7dccef95081b76560c314b15ad2de
EXPORTER_SECRET a0aad370df487c7fe727bcf77e00d17fec8b23bcef2bd1cf5303bb6b1ba2ea2c d3b8e6a1caa32da4bd3f1c0837e8aa83657d8bb586d6182406b588d97971c828
CLIENT_HANDSHAKE_TRAFFIC_SECRET e21364b34f81b690bf76b606246a47098a7aea72c175ed3b9878fabe53214f19 0e46584854d103efe1752a1d312e9b4446bfe535d86f344effc3dc01c1adf3fa
SERVER_HANDSHAKE_TRAFFIC_SECRET e21364b34f81b690bf76b606246a47098a7aea72c175ed3b9878fabe53214f19 e7f7204601fd882d75853cbb2eac02574e1a53cacde679be89c7495ed7778257
CLIENT_TRAFFIC_SECRET_0 e21364b34f81b690bf76b606246a47098a7aea72c175ed3b9878fabe53214f19 ec701641d5ed15b588d30c98d9efa8fa9bca7d7d80506b9f664015d5e1fde997
SERVER_TRAFFIC_SECRET_0 e21364b34f81b690bf76b606246a47098a7aea72c175ed3b9878fabe53214f19 f211b247a160a9740be7c4dc0f038db2b42cb87ad0e1ffdcaabcb8f360b2c193
EXPORTER_SECRET e21364b34f81b690bf76b606246a47098a7aea72c175ed3b9878fabe53214f19 5519867ab6da9526e3d8bd797c7ee2c000417eaa0293c3d21e819ee470e316e4
CLIENT_HANDSHAKE_TRAFFIC_SECRET e4dbff13c66a6f6f002a7f4786a10d1cc6c8b9d90cbede0fdc05ed8ebaefa184 5034cd71ce718d6869071bd924c050a56af58d124998b2655c7cab74eec7163c
SERVER_HANDSHAKE_TRAFFIC_SECRET e4dbff13c66a6f6f002a7f4786a10d1cc6c8b9d90cbede0fdc05ed8ebaefa184 b66fd70e0bd18013b0d6e6805305affc4e6cc76e6dba915d9ee7be3c4198206e
CLIENT_TRAFFIC_SECRET_0 e4dbff13c66a6f6f002a7f4786a10d1cc6c8b9d90cbede0fdc05ed8ebaefa184 efbb58140ede9ba06bf8884dadda45cc6aa534a996954ae60c659a836d52f333
SERVER_TRAFFIC_SECRET_0 e4dbff13c66a6f6f002a7f4786a10d1cc6c8b9d90cbede0fdc05ed8ebaefa184 0a7c32de7416eb8ad950af389ca7e3229f3b172c0d3aeaeb75d53aa99f349978
EXPORTER_SECRET e4dbff13c66a6f6f002a7f4786a10d1cc6c8b9d90cbede0fdc05ed8ebaefa184 726211b1b325d3d423162b9b66ebb3704a86b7c14f1b968dd5c62b392dcd0b82
CLIENT_HANDSHAKE_TRAFFIC_SECRET 78d5732a3c91a972c95b8ba67db52657bc8f27e70c32e7e9a1eb7da804908c89 1aa0bb2c1cc452692aad5b8cbff333b266313404f532500d57dbee148ce4286f
SERVER_HANDSHAKE_TRAFFIC_SECRET 78d5732a3c91a972c95b8ba67db52657bc8f27e70c32e7e9a1eb7da804908c89 43686fca92aef6467d72e90f50e3641bcfee1a14e70ec07e0ce841dc1b0fda1f
CLIENT_TRAFFIC_SECRET_0 78d5732a3c91a972c95b8ba67db52657bc8f27e70c32e7e9a1eb7da804908c89 accc9decc3beb3b375c33f7060e052ddc50d532687a83e5e9d63276a821cf336
SERVER_TRAFFIC_SECRET_0 78d5732a3c91a972c95b8ba67db52657bc8f27e70c32e7e9a1eb7da804908c89 956f7e675a099da84dc365ec906cf20936e5d07f06701e3bcfb07fd7986c99ee
EXPORTER_SECRET 78d5732a3c91a972c95b8ba67db52657bc8f27e70c32e7e9a1eb7da804908c89 3de5166d1300384d58f6ed6f307ebc3c7727ef80cd6291e6aff3a5be33cf1089
CLIENT_HANDSHAKE_TRAFFIC_SECRET dfbba524738f4b1517663f97e0146032d145edd66f29d36dfabb6bc4ac68053b ed5e0c35842e187c775115b2c3e260445a1e921c8e32d03ff0c795ec9a782d3e
SERVER_HANDSHAKE_TRAFFIC_SECRET dfbba524738f4b1517663f97e0146032d145edd66f29d36dfabb6bc4ac68053b 4706d5a8aa192b9f18876120c231ec95ca4a5c20aa1f11a4a9ba98ebd84c8a04
CLIENT_TRAFFIC_SECRET_0 dfbba524738f4b1517663f97e0146032d145edd66f29d36dfabb6bc4ac68053b d425ee472a3784ca68ad24c5a8d429a41357c38ee8ae48196be977ca885b3491
SERVER_TRAFFIC_SECRET_0 dfbba524738f4b1517663f97e0146032d145edd66f29d36dfabb6bc4ac68053b 296838146ca6ad29481f894cf3c3d7ddb3893d3782176e939b665e04ac5f3880
EXPORTER_SECRET dfbba524738f4b1517663f97e0146032d145edd66f29d36dfabb6bc4ac68053b 07b38cc4431f93494b34fd6a4af5b15e730605383e899515d7358c23a5b75710
CLIENT_HANDSHAKE_TRAFFIC_SECRET 316949f50f7214a930165f7dc3d1be7daf2b503abb8182dc59d0333f7ddc9161 f2e6203fccb398682e8bb89e473fa28d7826ca92ffe843fdcff8b1e0f95ce63b
SERVER_HANDSHAKE_TRAFFIC_SECRET 316949f50f7214a930165f7dc3d1be7daf2b503abb8182dc59d0333f7ddc9161 b820e6aa969050ea5408e6b770a9a38cc16d3c1f6a5daec0d0a6d51b76c3ce31
CLIENT_TRAFFIC_SECRET_0 316949f50f7214a930165f7dc3d1be7daf2b503abb8182dc59d0333f7ddc9161 0a3fc022d3721a974c40d5e605aae11d0e1510d8369a3101f546bd95683edd2f
SERVER_TRAFFIC_SECRET_0 316949f50f7214a930165f7dc3d1be7daf2b503abb8182dc59d0333f7ddc9161 25bc4db5f2d74a5767939acd1c88794223ac0b3d8476cbc64f01972f7c10f5ea
EXPORTER_SECRET 316949f50f7214a930165f7dc3d1be7daf2b503abb8182dc59d0333f7ddc9161 41812c6365af6a875d767eb076b7f63d9be7f3114195e2022a0e0d3f5f16aaed
CLIENT_HANDSHAKE_TRAFFIC_SECRET 780e6ced82b8ab8484a2fe509884c3d71a05f222cde9a3fb2fe1abbef91a88ee 43f14aff94aa17830058ad71f18c8452931f6fad4f21382e56d0804c5648b0d7
SERVER_HANDSHAKE_TRAFFIC_SECRET 780e6ced82b8ab8484a2fe509884c3d71a05f222cde9a3fb2fe1abbef91a88ee b6b576be875ab211911fe35efe717fd9921dd49b12448000d5ef39ba725382ae
CLIENT_TRAFFIC_SECRET_0 780e6ced82b8ab8484a2fe509884c3d71a05f222cde9a3fb2fe1abbef91a88ee b356657df54b63011d0ffa6821be4197aca5672b4e755ce0e03882a32052d4c0
SERVER_TRAFFIC_SECRET_0 780e6ced82b8ab8484a2fe509884c3d71a05f222cde9a3fb2fe1abbef91a88ee c79158b50e1bac60595b945fe2d114b233470d53badac708e9037c367fc1f0a9
EXPORTER_SECRET 780e6ced82b8ab8484a2fe509884c3d71a05f222cde9a3fb2fe1abbef91a88ee 65ddc36585e8d1e86e3763a9ffc9d849781643b786ddbf38b2139220456803a8
CLIENT_HANDSHAKE_TRAFFIC_SECRET 28c0132b7fa6624b5e6f6720cae150388355b83e8f02c7e85155ca204759f61f 57643f1c2c2bcf15e059c8e1a558d09d5eaeffd27ffd79ec7882015d48381bc4
SERVER_HANDSHAKE_TRAFFIC_SECRET 28c0132b7fa6624b5e6f6720cae150388355b83e8f02c7e85155ca204759f61f f1c74bdd42bca534fac1c79dcecd757c3f7aee7496c887a32836bfe7a572c682
CLIENT_TRAFFIC_SECRET_0 28c0132b7fa6624b5e6f6720cae150388355b83e8f02c7e85155ca204759f61f 695a56058458fa6e838f0aa1554716d0772a26ffba2ac5bf8721e7837197d99f
SERVER_TRAFFIC_SECRET_0 28c0132b7fa6624b5e6f6720cae150388355b83e8f02c7e85155ca204759f61f a398fb8ae4758c58e54dc9d67ea185eb778ba2c6129389a551ed3ae7c8496e21
EXPORTER_SECRET 28c0132b7fa6624b5e6f6720cae150388355b83e8f02c7e85155ca204759f61f eae89ec26846def00a72051487c1eabfdf68b011ebc237e3de21560ddeb47cee
CLIENT_HANDSHAKE_TRAFFIC_SECRET aeaa23458dd631efa0feea15823f04810e8ff528b8cda0d0ada0aa0fda42bf69 498fdbfa5c8398981d5a357fa04e1c14caed7e930b88695601a44da68b55e1b6
SERVER_HANDSHAKE_TRAFFIC_SECRET aeaa23458dd631efa0feea15823f04810e8ff528b8cda0d0ada0aa0fda42bf69 b66e32f5526761f26ffa912713e07145e644a02a6367316d7f68ec85031428ae
CLIENT_TRAFFIC_SECRET_0 aeaa23458dd631efa0feea15823f04810e8ff528b8cda0d0ada0aa0fda42bf69 507ddbdda1a1866c17bc86e7752399d7d8efaf13b92a1cebd88f4771089cd3b2
SERVER_TRAFFIC_SECRET_0 aeaa23458dd631efa0feea15823f04810e8ff528b8cda0d0ada0aa0fda42bf69 bd6376650841d220b5612c15b0d784fd688323766992d02566baccdf61484a0e
EXPORTER_SECRET aeaa23458dd631efa0feea15823f04810e8ff528b8cda0d0ada0aa0fda42bf69 e91ea6e45766757163ca1e97669c0bff507ca98c746932575a90dcbf28f241e4
CLIENT_HANDSHAKE_TRAFFIC_SECRET fe341bb5a0ce234e6345de9df3cd6d4df6712bdee897563fca277e283cb61abb d128b16099f13be07d066d16d84320b3416a961fe9ebe273910ccce1d980ca28
SERVER_HANDSHAKE_TRAFFIC_SECRET fe341bb5a0ce234e6345de9df3cd6d4df6712bdee897563fca277e283cb61abb 423a0b7209125b14376b93e75a8af66b2b740d633295341841a7ca6ce9b4c735
CLIENT_TRAFFIC_SECRET_0 fe341bb5a0ce234e6345de9df3cd6d4df6712bdee897563fca277e283cb61abb 0de0da06119c9d8332e4e93e5e7dcdea97c040576ab710559f6e45070713b328
SERVER_TRAFFIC_SECRET_0 fe341bb5a0ce234e6345de9df3cd6d4df6712bdee897563fca277e283cb61abb 76b332abd5be87ce29648a2698e0198be9e35ba933240039963c4532f0f16311
EXPORTER_SECRET fe341bb5a0ce234e6345de9df3cd6d4df6712bdee897563fca277e283cb61abb e6d6ecc95a87144affedabbe954881edcfb1cf3288a0b6ad0f5c4acbd2ba8f17
CLIENT_EARLY_TRAFFIC_SECRET 898152f9e108f8c8bdf30960f39b323ae9d8de536585feca2f246fd5afbf12ee 634a84a70a17162f15627961b07a2c4703baf2af5bbabc20f2ad9bfca63cc164
CLIENT_HANDSHAKE_TRAFFIC_SECRET 898152f9e108f8c8bdf30960f39b323ae9d8de536585feca2f246fd5afbf12ee 212d875733aa1656b065165656daa336a38dccf02fff79f3b8163eb19a7206ce
SERVER_HANDSHAKE_TRAFFIC_SECRET 898152f9e108f8c8bdf30960f39b323ae9d8de536585feca2f246fd5afbf12ee 658bdaa7b829315c82b768f6e176bcd53959f5ff23d363d561e121fd9621b7a5
CLIENT_TRAFFIC_SECRET_0 898152f9e108f8c8bdf30960f39b323ae9d8de536585feca2f246fd5afbf12ee 32dbcd2845e5887d41099d95f14a0306c591eb4c49faf6df688b1de08752392f
SERVER_TRAFFIC_SECRET_0 898152f9e108f8c8bdf30960f39b323ae9d8de536585feca2f246fd5afbf12ee bbe97fed903fa2db068368d4c485fafd676f5d5ee2967461831353413e22e986
EXPORTER_SECRET 898152f9e108f8c8bdf30960f39b323ae9d8de536585feca2f246fd5afbf12ee 0e1e1fdad89d36d5052242a4c774469796d0b106ee7779f7f4c557e214967ea2
CLIENT_EARLY_TRAFFIC_SECRET 42627edcf44c276293605e20a0f752d028948ce5e99dc265c920232d64f90da2 90e31de612d845419c9651f9b7b9e8e914ec023475ef217de60693fc8a7f8ac3
CLIENT_HANDSHAKE_TRAFFIC_SECRET 42627edcf44c276293605e20a0f752d028948ce5e99dc265c920232d64f90da2 ab57b3492b6e45efd4c6c4457ddac53553f5735a33872c1ca164b629bcaaf633
SERVER_HANDSHAKE_TRAFFIC_SECRET 42627edcf44c276293605e20a0f752d028948ce5e99dc265c920232d64f90da2 8d452f82eb10d01aa9e4712e5f79dce10a5ace2279342b05d86b5392e8d12d08
CLIENT_TRAFFIC_SECRET_0 42627edcf44c276293605e20a0f752d028948ce5e99dc265c920232d64f90da2 c3c1713193b9095d6c1f6d7496caee9dfeab29e09f18eecf4efb65f1baa27668
SERVER_TRAFFIC_SECRET_0 42627edcf44c276293605e20a0f752d028948ce5e99dc265c920232d64f90da2 59ac894930debf58a060e574868d69dc15df974f69df07639a8f7f4b8055e6a3
EXPORTER_SECRET 42627edcf44c276293605e20a0f752d028948ce5e99dc265c920232d64f90da2 dc6e8a169ce8e10d0acee131331f5ca27e37c9c1b936734ca25e67faa06373e2
CLIENT_HANDSHAKE_TRAFFIC_SECRET f67c5270f27c5a9239f188cbd94d433debd8eb6f4be7e3f14f7986223b18ec62 ef6ed63b3fb17b07d3830068aef1ad81d5d7b89047bc4994cca3751230226fe9
SERVER_HANDSHAKE_TRAFFIC_SECRET f67c5270f27c5a9239f188cbd94d433debd8eb6f4be7e3f14f7986223b18ec62 4665cbc1a574c3511568df3223b028f95a3a9db521a91a4d93862f68a56642bd
CLIENT_TRAFFIC_SECRET_0 f67c5270f27c5a9239f188cbd94d433debd8eb6f4be7e3f14f7986223b18ec62 c32062f8a9499b378312b6255b94e1b1ea081255f44fba445e4e5bbc63ca460d
SERVER_TRAFFIC_SECRET_0 f67c5270f27c5a9239f188cbd94d433debd8eb6f4be7e3f14f7986223b18ec62 ccc1e8234401240ddd71533dfd226c2eb28144feb9b3f4a8945fcd54910daa29
EXPORTER_SECRET f67c5270f27c5a9239f188cbd94d433debd8eb6f4be7e3f14f7986223b18ec62 3be6b1a866d52c89e376da3f1a4a2155aed33885f72c862af624af586763c301
CLIENT_HANDSHAKE_TRAFFIC_SECRET a7e0c62f19863818bcd04b09186ca9c64a4b0862069ed1e6089958240d3fcde1 1ec098b8e1d96af8bb153c6ea966defd1daf79d354760faf618a3bb71f426e80
SERVER_HANDSHAKE_TRAFFIC_SECRET a7e0c62f19863818bcd04b09186ca9c64a4b0862069ed1e6089958240d3fcde1 683d5fc2a4b2d36061b86e67a8140f01106b36c9096ed85fdcbbb5cc024356bd
CLIENT_TRAFFIC_SECRET_0 a7e0c62f19863818bcd04b09186ca9c64a4b0862069ed1e6089958240d3fcde1 aa92fea3419dbb3cd79dba9356deb538a8405475368af3449334d34c4ddbc533
SERVER_TRAFFIC_SECRET_0 a7e0c62f19863818bcd04b09186ca9c64a4b0862069ed1e6089958240d3fcde1 ddb6073791ec209a025da184af2e066cba1b7927f56cadb89b85fb12c8092fad
EXPORTER_SECRET a7e0c62f19863818bcd04b09186ca9c64a4b0862069ed1e6089958240d3fcde1 bfc67613beebb60b906773d7fe2a0de4480c3bae186e2fd07ad8809720c56664
CLIENT_EARLY_TRAFFIC_SECRET 7bf376d45d8052af25233ed71d961d925ef939f2f157c366aaab751af0f442b5 f848f844fce2e53ee74b092855b470568161e263ae33e724faa0e013606bc4f7
CLIENT_HANDSHAKE_TRAFFIC_SECRET 7bf376d45d8052af25233ed71d961d925ef939f2f157c366aaab751af0f442b5 dea84117992860f85e520e72b032a34d60c482d9da5cb6cb7f1bf44822dc14cc
SERVER_HANDSHAKE_TRAFFIC_SECRET 7bf376d45d8052af25233ed71d961d925ef939f2f157c366aaab751af0f442b5 c90ba7b84eb50a43aa6355597f735a0342a752e6b5e39bdf99b4894d81e87fa5
CLIENT_TRAFFIC_SECRET_0 7bf376d45d8052af25233ed71d961d925ef939f2f157c366aaab751af0f442b5 636e3cb017e009c74b410dd226f097b64f36ed21bb4d0de24d39ecad81b63a12
SERVER_TRAFFIC_SECRET_0 7bf376d45d8052af25233ed71d961d925ef939f2f157c366aaab751af0f442b5 e0720a3c2ab5375f51f98bfe6e3fdcfff902cca6732ec528ca427a3a5418a754
EXPORTER_SECRET 7bf376d45d8052af25233ed71d961d925ef939f2f157c366aaab751af0f442b5 881418492d891d41bb67595b9b10e8449cbb8e96209c40632c901e0efff03d85
CLIENT_EARLY_TRAFFIC_SECRET 298ea7ca46b61234c8ebdf0631f5bba6e440e5a088c5ffde60cd52019f0c2aab 856d1cd9b62c40e29e5ef97ebca0364e1ca49280251b62ef7d9847a0fe967999
CLIENT_HANDSHAKE_TRAFFIC_SECRET 298ea7ca46b61234c8ebdf0631f5bba6e440e5a088c5ffde60cd52019f0c2aab 865c09aaeb4b900177fef093d9ef01f10b396f818ac0bde0d7ca8b767dc1e2a2
SERVER_HANDSHAKE_TRAFFIC_SECRET 298ea7ca46b61234c8ebdf0631f5bba6e440e5a088c5ffde60cd52019f0c2aab 7c2d8cad5afbef4b4a3bd58999f50c550eede1491f7df0b84f757636639f7a6a
CLIENT_TRAFFIC_SECRET_0 298ea7ca46b61234c8ebdf0631f5bba6e440e5a088c5ffde60cd52019f0c2aab b5f9efa3282948180085d23fea5f43e6bfac213bae0f4e20f30541d37652e845
SERVER_TRAFFIC_SECRET_0 298ea7ca46b61234c8ebdf0631f5bba6e440e5a088c5ffde60cd52019f0c2aab cb33f8965b1909fa08fd26cd2b68e512ae82453f175dc4e7c4e0f6224270ad02
EXPORTER_SECRET 298ea7ca46b61234c8ebdf0631f5bba6e440e5a088c5ffde60cd52019f0c2aab 0f42f978e2e18793519e48179897980959f7a486198a1d87fea2b275360adb9c
CLIENT_HANDSHAKE_TRAFFIC_SECRET ea1f721d5d45e517234ee652d8e616644c24a5084c2fe3d298a1988aaede6030 6c3a93cfe8d17b72a539b03257c26e37af7c29d042cc441ade4a3b0a5a31fd461744a3c38e9e44d5e94a62e2471b61d1
SERVER_HANDSHAKE_TRAFFIC_SECRET ea1f721d5d45e517234ee652d8e616644c24a5084c2fe3d298a1988aaede6030 b43592746308931c6949801ea9f2fb1e0a371127661e6b301305baa446f715b8ee969c4a6408fd5040071088354bd58e
CLIENT_TRAFFIC_SECRET_0 ea1f721d5d45e517234ee652d8e616644c24a5084c2fe3d298a1988aaede6030 98ec293406f197567a4a7f79335106f9d0b0221e7b6be4b4528127be28c730dfb45cfd7e5e04d1d19e24546b821c1b78
SERVER_TRAFFIC_SECRET_0 ea1f721d5d45e517234ee652d8e616644c24a5084c2fe3d298a1988aaede6030 d33fe79088b406d641e54448d88aeccc67d9da2dec3cef82ea8aa9d7e9085ce6541cac8e8a27ef32228852cb9a871bf9
EXPORTER_SECRET ea1f721d5d45e517234ee652d8e616644c24a5084c2fe3d298a1988aaede6030 53f1fb821f62538e408b694b46b2ff897987c156cd195fa5846b72d6b44960679d23bcaa8e9ee88a56aff49abe46c343
CLIENT_HANDSHAKE_TRAFFIC_SECRET e44fd798441785d3f540c31e3bcbd03627597b756cc8dcd5a84a1c3901644cc9 cee524e79e93b9b578cd1e92bd457a5258df02f451ad5c55a97940f7fb59e91a7ba78d7e008959bbd072926bf23e1a80
SERVER_HANDSHAKE_TRAFFIC_SECRET e44fd798441785d3f540c31e3bcbd03627597b756cc8dcd5a84a1c3901644cc9 5c349eb7bbd8c884b2e5a1d6e6ba70c608186d2c53e5a8d5a2c59048e39cc119c88aab45dd1848924b59013fc6f661a9
CLIENT_TRAFFIC_SECRET_0 e44fd798441785d3f540c31e3bcbd03627597b756cc8dcd5a84a1c3901644cc9 84125d2c60ce13744e09178b5499b176b6f851d2fab34d5cc16e670e45cfd61be930ef61f2ff1e731c9204c31574e516
SERVER_TRAFFIC_SECRET_0 e44fd798441785d3f540c31e3bcbd03627597b756cc8dcd5a84a1c3901644cc9 203a355156be1d5c8b08319a015b88f3a6d2dc043e50c2fa23e6cfca2c9b391d89aeb6dd93bbe04a99d7c136b91b4fd8
EXPORTER_SECRET e44fd798441785d3f540c31e3bcbd03627597b756cc8dcd5a84a1c3901644cc9 d448affe28aa405680abb2e20c83cf2cf5f2d9c8269913b419dcdd9e1dcc3bb73b482fdf5f647281c532b6197a010994
CLIENT_EARLY_TRAFFIC_SECRET f6bf4a485d93e17b8e9612020946af4f82cb6a2e9093accd84f92b38f9e63bca 8079fd84386cd128be2d81c9c586d6b9f4eda99229afd61156989b6c48f4b120
CLIENT_HANDSHAKE_TRAFFIC_SECRET f6bf4a485d93e17b8e9612020946af4f82cb6a2e9093accd84f92b38f9e63bca 18d41423f208a5e95d477dd7c9e4be839d2776238f7a7fec005dbf37ac45cadb
SERVER_HANDSHAKE_TRAFFIC_SECRET f6bf4a485d93e17b8e9612020946af4f82cb6a2e9093accd84f92b38f9e63bca e7c2aed11e9642c8d88360371a399b300d011251d47bb95e89b7e08dcd5b8d72
CLIENT_TRAFFIC_SECRET_0 f6bf4a485d93e17b8e9612020946af4f82cb6a2e9093accd84f92b38f9e63bca 55c08dc10b7639d517e97ea386fe361625adec3eb915c9a0949b4ad8d6d8a4a9
SERVER_TRAFFIC_SECRET_0 f6bf4a485d93e17b8e9612020946af4f82cb6a2e9093accd84f92b38f9e63bca 9899a478bd38b28cd1d9a7e5e6896cc68a3bedb8b2ef1c1a9f00ee61e675bafb
EXPORTER_SECRET f6bf4a485d93e17b8e9612020946af4f82cb6a2e9093accd84f92b38f9e63bca 0feabba6c0d4e0aea4944ac53d2b3775e4b5b37031bec2f2ed9c09ade6af2851
CLIENT_EARLY_TRAFFIC_SECRET 8a280949db556610a43e8f7b07660e6a6553d4c0aa50f531e179cdefcbd8a5bf f350d6a51c4c477a73565a030126744be396b4a2c3b1b9023c0928d09137d32a
CLIENT_HANDSHAKE_TRAFFIC_SECRET 8a280949db556610a43e8f7b07660e6a6553d4c0aa50f531e179cdefcbd8a5bf 33fb92beee69b9e4bb8553defecc4cc2631dddcd373ee664da9a7bd32f7b7dc8
SERVER_HANDSHAKE_TRAFFIC_SECRET 8a280949db556610a43e8f7b07660e6a6553d4c0aa50f531e179cdefcbd8a5bf a49ae35d5ba8ab9d9c6723b993ff218ee1f1fc7cb826a6729b32f34350993525
CLIENT_TRAFFIC_SECRET_0 8a280949db556610a43e8f7b07660e6a6553d4c0aa50f531e179cdefcbd8a5bf 6d4f6ed0d5e57919833cf13f9b5b36de4e3e3e1ad4351ba5c9bea5e32f4b87b8
SERVER_TRAFFIC_SECRET_0 8a280949db556610a43e8f7b07660e6a6553d4c0aa50f531e179cdefcbd8a5bf 74f6da348000e7186649641208fa928bff16fd58c1c9df15b384f57a7335aeac
EXPORTER_SECRET 8a280949db556610a43e8f7b07660e6a6553d4c0aa50f531e179cdefcbd8a5bf d1fd225077b99bdc27e7e07012ae5de95b91e588a80efdb8389ef85bbea21865
CLIENT_HANDSHAKE_TRAFFIC_SECRET e1a1cd7d8bf605c52edb6ddb4607f66811bac2a31c93ccb25ac551b35e6e99fb 9f741cb9683eb940861db3dce94605461c6c18ea5e58fc0676a31de9136a1d0e
SERVER_HANDSHAKE_TRAFFIC_SECRET e1a1cd7d8bf605c52edb6ddb4607f66811bac2a31c93ccb25ac551b35e6e99fb 47d4419c24f6900c15779afc5ae755817e763163476a9497b43eba3dca756e05
CLIENT_TRAFFIC_SECRET_0 e1a1cd7d8bf605c52edb6ddb4607f66811bac2a31c93ccb25ac551b35e6e99fb 02f97ec498ee2954448b30636471c8c61861d189f16d13f4113b021480630628
SERVER_TRAFFIC_SECRET_0 e1a1cd7d8bf605c52edb6ddb4607f66811bac2a31c93ccb25ac551b35e6e99fb c494d604f11fcfec22864dafa90145830f60daf8c9d684ffad9e2def5ca7d167
EXPORTER_SECRET e1a1cd7d8bf605c52edb6ddb4607f66811bac2a31c93ccb25ac551b35e6e99fb 840293e9b751036d96b545e91571894683eac8dc5107217560b340c09430bfd0
CLIENT_EARLY_TRAFFIC_SECRET 6144692f758193dbc0ce3709733f86d3d42195c5b65f74bd93900cc9944ebad3 ce17299fa73239c8c411da78d90ea5ec28f5312d2ec7dff2bdd8de113ee7a205
CLIENT_HANDSHAKE_TRAFFIC_SECRET 6144692f758193dbc0ce3709733f86d3d42195c5b65f74bd93900cc9944ebad3 aba1ca035ccdd7a3ebeff03d48b475fdb173bcd146c07ffbe01a16dc79889c26
SERVER_HANDSHAKE_TRAFFIC_SECRET 6144692f758193dbc0ce3709733f86d3d42195c5b65f74bd93900cc9944ebad3 76cd122f1c59dfafa54aafd48060f2f81d240235404bfccf90502108623a5982
CLIENT_TRAFFIC_SECRET_0 6144692f758193dbc0ce3709733f86d3d42195c5b65f74bd93900cc9944ebad3 93447b849f0909c9fa8930939b2c03356113731ba4410b0155ab67e561038e88
SERVER_TRAFFIC_SECRET_0 6144692f758193dbc0ce3709733f86d3d42195c5b65f74bd93900cc9944ebad3 37753b40e3907b61b3e11cd01d308bde71c5a2ac156ae46e7aaeee807ff79205
EXPORTER_SECRET 6144692f758193dbc0ce3709733f86d3d42195c5b65f74bd93900cc9944ebad3 43e18114c8b2c31cd715a9a93e9a1b807024f7250106ffe4b795849bafceb022
CLIENT_EARLY_TRAFFIC_SECRET ea07576c6572df8bcefcff4192a858dd4c25a924501d36cb23d79345370b5769 b2d2110530b04c2ede2f142a0856ddcf101e84e33b0ae65f6f0ff2fe8d6868a5
CLIENT_HANDSHAKE_TRAFFIC_SECRET ea07576c6572df8bcefcff4192a858dd4c25a924501d36cb23d79345370b5769 62a4d2e2f0d53accb41fb1a69eb8e1d40efb01dce250f1b3eebfb603d3937482
SERVER_HANDSHAKE_TRAFFIC_SECRET ea07576c6572df8bcefcff4192a858dd4c25a924501d36cb23d79345370b5769 2ce807152f4a627a43547d7531115d5e181d37b2622fca102eeb089c7088b5ec
CLIENT_TRAFFIC_SECRET_0 ea07576c6572df8bcefcff4192a858dd4c25a924501d36cb23d79345370b5769 98f01d969284bcc27516716ed094ccb7043bbd2f015785224077139e30d5bb37
SERVER_TRAFFIC_SECRET_0 ea07576c6572df8bcefcff4192a858dd4c25a924501d36cb23d79345370b5769 5de5598da5e78830bb77c0498098ab57e36bd7a1c54bbfa9346b97bd666ddc8e
EXPORTER_SECRET ea07576c6572df8bcefcff4192a858dd4c25a924501d36cb23d79345370b5769 1edbc8452beab38489551678fd18f67057d3a22d0890634f29cc33962294aa80
CLIENT_HANDSHAKE_TRAFFIC_SECRET 25e4fd83f6cc53af0a83014ca4c8be758e04690b1eeb3bc84984fe3a2f94b739 f57cb00cc4d869cc0a3c8c2ee434452699bf8c82609920f04be421ee159364add5523b65083df11a8a932113fcc67155
SERVER_HANDSHAKE_TRAFFIC_SECRET 25e4fd83f6cc53af0a83014ca4c8be758e04690b1eeb3bc84984fe3a2f94b739 e309617429f71b0ec98d3a755f402599fd35bc4a7dfc4ea36a9bd41b4f1138bbb206d410416555e4fc51f78c151948f4
CLIENT_TRAFFIC_SECRET_0 25e4fd83f6cc53af0a83014ca4c8be758e04690b1eeb3bc84984fe3a2f94b739 10e9fd9dcc8442254a5bd4eab747a9a213c74174f6b74c056458ce875184e921698a5e98371e1638539e59cd0dc369da
SERVER_TRAFFIC_SECRET_0 25e4fd83f6cc53af0a83014ca4c8be758e04690b1eeb3bc84984fe3a2f94b739 6f75f544a5b0b0aebb1f019978f87da06953211c010e11067409e457eef886e9e3ea6867e59db4eec136b87dce142d18
EXPORTER_SECRET 25e4fd83f6cc53af0a83014ca4c8be758e04690b1eeb3bc84984fe3a2f94b739 78dd8d7d249b39741230661d8a9b0d52563edca4d096dee5265afb5ea9c2ebc8625a17e367d65215fe952912e7e8f82e
CLIENT_HANDSHAKE_TRAFFIC_SECRET cfcceca99d5f5a8af725f72bd53041899e1f8ebd44f1c75745b75f45cb648a89 a018496b0f8d43f3b5c3e3244534fe7636856d99a00e1d64ba9661aef174b85bf98db942a255081ce7f8473d17921145
SERVER_HANDSHAKE_TRAFFIC_SECRET cfcceca99d5f5a8af725f72bd53041899e1f8ebd44f1c75745b75f45cb648a89 bdfccc5e19060d3e78e9351a547573e8da275dcd05a93b3351eb261bae6fb38c121e9d37feca118d55aa612c3c79eb62
CLIENT_TRAFFIC_SECRET_0 cfcceca99d5f5a8af725f72bd53041899e1f8ebd44f1c75745b75f45cb648a89 191d5a37895c64fc7a0b56dc6b321957780d283bed3408d1d52c1aa3fdf19ed0d21da09fe5d4e83af4fb117a750816a2
SERVER_TRAFFIC_SECRET_0 cfcceca99d5f5a8af725f72bd53041899e1f8ebd44f1c75745b75f45cb648a89 349f235ec62c45312f29fad4d97e9fcc4aa5565c5531a577ed790f59442155196a88e0917d55da03dda96f6073c2a7b2
EXPORTER_SECRET cfcceca99d5f5a8af725f72bd53041899e1f8ebd44f1c75745b75f45cb648a89 21f6c5ef9ea66b3c74769ffb1d95050d0b3724399482c4cba2f0c8654b8db0f02bd20d468584375ed3903804aa48bcc5
CLIENT_EARLY_TRAFFIC_SECRET 3fffa2e5cb35f5aaf39f4d12d42b00f29e89668053136058d93314d4e2550b3a 60a44272c2942b7322035be9fa166beaa868e9dcdfcba28ec62bd4b42238d217
CLIENT_HANDSHAKE_TRAFFIC_SECRET 3fffa2e5cb35f5aaf39f4d12d42b00f29e89668053136058d93314d4e2550b3a 400b6632aea52aa24c52970abf6364aad408580cee1c448bcee05d944051728d
SERVER_HANDSHAKE_TRAFFIC_SECRET 3fffa2e5cb35f5aaf39f4d12d42b00f29e89668053136058d93314d4e2550b3a a49c96d7717c1afdcfa285e0df436bfda1cad74d4372f9d7ba7de9a844e1c4f6
CLIENT_TRAFFIC_SECRET_0 3fffa2e5cb35f5aaf39f4d12d42b00f29e89668053136058d93314d4e2550b3a 5beb78a0f8aa3959774cdf5795e458b12ed2647aedc2f4c6966174300c94de2e
SERVER_TRAFFIC_SECRET_0 3fffa2e5cb35f5aaf39f4d12d42b00f29e89668053136058d93314d4e2550b3a 47dc7e68f8dc40ed26ca9da6a23de50b0fe219864c9086675aa1dccd25348e13
EXPORTER_SECRET 3fffa2e5cb35f5aaf39f4d12d42b00f29e89668053136058d93314d4e2550b3a d4c46c6f5e9fc07800002a7ed098d8904c426281fb1e5caec74358b7f1a337c7
CLIENT_EARLY_TRAFFIC_SECRET bf5add1de31ff75623523d5d44dd02aedb937fc0091667db40ceb4eb1d18a5b2 be3443eac7488baa02855ba17ea1a99435f8fdd9070fc1761642dca640a76e9a
CLIENT_HANDSHAKE_TRAFFIC_SECRET bf5add1de31ff75623523d5d44dd02aedb937fc0091667db40ceb4eb1d18a5b2 b9445e70f2656e640797cb02abe7017a37176152196c1a285403a3100812f588
SERVER_HANDSHAKE_TRAFFIC_SECRET bf5add1de31ff75623523d5d44dd02aedb937fc0091667db40ceb4eb1d18a5b2 fbb92b1cffcad92ac616e6624349a1fa6c468517ffe24d989fc72e2e3708de04
CLIENT_TRAFFIC_SECRET_0 bf5add1de31ff75623523d5d44dd02aedb937fc0091667db40ceb4eb1d18a5b2 aaf2786b66a6aa1e46d50e503ffddcf2e0113ca21e5750d9cbcb3da91c34aced
SERVER_TRAFFIC_SECRET_0 bf5add1de31ff75623523d5d44dd02aedb937fc0091667db40ceb4eb1d18a5b2 16e24c052dfb3614944fd605703747a43f69cd262d5e3bc4dbfab1bbd612d00f
EXPORTER_SECRET bf5add1de31ff75623523d5d44dd02aedb937fc0091667db40ceb4eb1d18a5b2 00b4a6dfb0c0d9dffcf68aeb230990a277a01582611bd1337cefca4ac95ef039
CLIENT_EARLY_TRAFFIC_SECRET ab17eef16563051bec7f25dbf2a6cf36586d6c13f8c8bd059e6dd0c845c2d8c9 0b8a9b2065d756b1adab0ece946f6c6ad91befd32c8a96d55d314867690992df
CLIENT_HANDSHAKE_TRAFFIC_SECRET ab17eef16563051bec7f25dbf2a6cf36586d6c13f8c8bd059e6dd0c845c2d8c9 77b031704e70941210fecd9d9bd980b8141a34a9ceccc23a307e7834564a2010
SERVER_HANDSHAKE_TRAFFIC_SECRET ab17eef16563051bec7f25dbf2a6cf36586d6c13f8c8bd059e6dd0c845c2d8c9 54f05388436e5dcb95085a431488856ba02a5f7dd72fab04c3ac44e3bebd92dc
CLIENT_TRAFFIC_SECRET_0 ab17eef16563051bec7f25dbf2a6cf36586d6c13f8c8bd059e6dd0c845c2d8c9 538cf1f4657caefeb5a4bc8f5e3582d7148cd078be1be8088ddc4e6353e9a95f
SERVER_TRAFFIC_SECRET_0 ab17eef16563051bec7f25dbf2a6cf36586d6c13f8c8bd059e6dd0c845c2d8c9 9133d97f9f703331d05295a4dc962c60b9c00eaab4540d3006df6c94c90596eb
EXPORTER_SECRET ab17eef16563051bec7f25dbf2a6cf36586d6c13f8c8bd059e6dd0c845c2d8c9 4086d293cb641e5c3a9a8d5266adbaebbd5654531e7005bbab21282cdadece69
CLIENT_EARLY_TRAFFIC_SECRET 59604bbddecd887ccccf40c86455b30a8b10b6fdb3d982d05a693c259c5e31bd fa007c1a8a4dfc4f461b6b715ccd67c0cf4326b9b1ed0422ff034b4418d4f034
CLIENT_HANDSHAKE_TRAFFIC_SECRET 59604bbddecd887ccccf40c86455b30a8b10b6fdb3d982d05a693c259c5e31bd ee60c722c14d56394d74125535d921e257f324c8bfce83aa161e0818a4e26318
SERVER_HANDSHAKE_TRAFFIC_SECRET 59604bbddecd887ccccf40c86455b30a8b10b6fdb3d982d05a693c259c5e31bd 55d12c4025d17da3d4fa0ada0b95976c7926c97253cd83fd7e2a1f3c998e53a5
CLIENT_TRAFFIC_SECRET_0 59604bbddecd887ccccf40c86455b30a8b10b6fdb3d982d05a693c259c5e31bd 63779757f6c499ddc83f3f14ba1e6fad54750c54bfca9c265067499ae55af4cc
SERVER_TRAFFIC_SECRET_0 59604bbddecd887ccccf40c86455b30a8b10b6fdb3d982d05a693c259c5e31bd 5af63fe0d4127623e7188e46b05738755a0034c5586e90b1ae460e2cc34bc903
EXPORTER_SECRET 59604bbddecd887ccccf40c86455b30a8b10b6fdb3d982d05a693c259c5e31bd 07c73cc45eca178fcc5489061d4e44ade286104f9254cca9538f86b8fcb05d74
CLIENT_EARLY_TRAFFIC_SECRET a90e66f53715cfad63c529f492dbee09417e63378f5823cea41a24813c78f704 94a3dc8779118271aabf5c8fd88a3786c26ed9b96c49c4455f2f118a75b0717d
CLIENT_HANDSHAKE_TRAFFIC_SECRET a90e66f53715cfad63c529f492dbee09417e63378f5823cea41a24813c78f704 44a1bf0b53619acfad71500a62b7bac8deb4b93530fd87ce8110dd72ae764e04
SERVER_HANDSHAKE_TRAFFIC_SECRET a90e66f53715cfad63c529f492dbee09417e63378f5823cea41a24813c78f704 ac52157b21a643315198ccbb4dc902ee854958c0f80f9264276bde0ba1f15ea4
CLIENT_TRAFFIC_SECRET_0 a90e66f53715cfad63c529f492dbee09417e63378f5823cea41a24813c78f704 f590945e24d19e9f862de925efb78dd96679ead9bcd2a824a907c254c215a621
SERVER_TRAFFIC_SECRET_0 a90e66f53715cfad63c529f492dbee09417e63378f5823cea41a24813c78f704 79e3b4de47b72b8d43177855e92c134e91587376958e73ddcfa07a97df7bec23
EXPORTER_SECRET a90e66f53715cfad63c529f492dbee09417e63378f5823cea41a24813c78f704 d8c190c707921622d629bd746683140485479e04769e4ab6c90a56d9ab363651
CLIENT_EARLY_TRAFFIC_SECRET 29af24908b8cdc75ba05ab8603d9378ea339c457c035ac49cb457646bed0103f 5f6f8a4039456bb58fddc749cc1188776e5ca23dd7a16dd35c0d0282ec3c0c18
CLIENT_HANDSHAKE_TRAFFIC_SECRET 29af24908b8cdc75ba05ab8603d9378ea339c457c035ac49cb457646bed0103f 8329c4cbecba4157ab8421715344b87b055e6e9bd42564461265473ea0aac787
SERVER_HANDSHAKE_TRAFFIC_SECRET 29af24908b8cdc75ba05ab8603d9378ea339c457c035ac49cb457646bed0103f 25dbf8fb20a4bc297ac6890f6fd1ffeefd0cdcebae0ddda7089fad964491ec1c
CLIENT_TRAFFIC_SECRET_0 29af24908b8cdc75ba05ab8603d9378ea339c457c035ac49cb457646bed0103f 13d0b9e579e2adbe0f19336c145f5509c05a72202c9924e674f344821cf7c316
SERVER_TRAFFIC_SECRET_0 29af24908b8cdc75ba05ab8603d9378ea339c457c035ac49cb457646bed0103f baa2c07d9d47d683e2033e41c87a1b8212d60180591e2944a589594d820a1d24
EXPORTER_SECRET 29af24908b8cdc75ba05ab8603d9378ea339c457c035ac49cb457646bed0103f 5526da4ae2685717473443bd263c910235c9fc49520b17719ddfcd5f45b3c178
CLIENT_EARLY_TRAFFIC_SECRET 58eaf93e5d0d781b0e50521b92abfde6cea8c0d4e0711a1da894e4aedcb0a85e 342c686dd177f2e5ab58603f6733b0fa3c1935aefdc49c7e8e0b69e55287176b
CLIENT_HANDSHAKE_TRAFFIC_SECRET 58eaf93e5d0d781b0e50521b92abfde6cea8c0d4e0711a1da894e4aedcb0a85e 840962b0ee33b07dcb6ab3de1ffd1f519f69bad52136d349663f2ec0a9c12990
SERVER_HANDSHAKE_TRAFFIC_SECRET 58eaf93e5d0d781b0e50521b92abfde6cea8c0d4e0711a1da894e4aedcb0a85e 667e80e3a437db166b15b886f14705551f3b00e391c6ede5581dcc95260f4d0d
CLIENT_TRAFFIC_SECRET_0 58eaf93e5d0d781b0e50521b92abfde6cea8c0d4e0711a1da894e4aedcb0a85e e87e23cc65a116637cb9b092a8a938163c4c1596c1189958c7fe91e6ff9bda77
SERVER_TRAFFIC_SECRET_0 58eaf93e5d0d781b0e50521b92abfde6cea8c0d4e0711a1da894e4aedcb0a85e b860058354996a0f965acec9abc2a5781856fd3dd8d1a02c7e5df7493e42c91f
EXPORTER_SECRET 58eaf93e5d0d781b0e50521b92abfde6cea8c0d4e0711a1da894e4aedcb0a85e 9530f5ee394e389ec5a963a7fd50cb18af9ceb4da97e01a152a933efa587fded
CLIENT_EARLY_TRAFFIC_SECRET d26f1031e49cc0111b4a40bcb0654b7fc79d2154a1dccbebdf99f05201ff3af5 e49397af9c7bcc807477dec5351748760d5bfc423721b0744844a9d726b73c95
CLIENT_HANDSHAKE_TRAFFIC_SECRET d26f1031e49cc0111b4a40bcb0654b7fc79d2154a1dccbebdf99f05201ff3af5 7b9c203da73d1ea77010ebb9af89b2662112638cf497029a2a822dd417fa599d
SERVER_HANDSHAKE_TRAFFIC_SECRET d26f1031e49cc0111b4a40bcb0654b7fc79d2154a1dccbebdf99f05201ff3af5 a70ca21e294daef6a66f7949d2a785baa75b56562539f3709a8c72bdc1e50eef
CLIENT_TRAFFIC_SECRET_0 d26f1031e49cc0111b4a40bcb0654b7fc79d2154a1dccbebdf99f05201ff3af5 4da674543a40326c4e64658b4db1c8196e00f574965bfe9204977bb288d55e2b
SERVER_TRAFFIC_SECRET_0 d26f1031e49cc0111b4a40bcb0654b7fc79d2154a1dccbebdf99f05201ff3af5 6c1162a1f45acc4c5f659445c7eabcf116ec09d732355c4abea4ca59c92c4448
EXPORTER_SECRET d26f1031e49cc0111b4a40bcb0654b7fc79d2154a1dccbebdf99f05201ff3af5 7a4f68d8a3d83bc4e182361aa4361d0b8db81fc5e4ac82cbb81d185ebb4aac61
CLIENT_EARLY_TRAFFIC_SECRET 666daf014bc15cff6e8a606b6f2528eb9b03c033f9f0bfaa6627e9572ee2f2da 8603793279d66af6be797b51bd1bc50f49cb8ba192578c2bd935128d761351e6
CLIENT_HANDSHAKE_TRAFFIC_SECRET 666daf014bc15cff6e8a606b6f2528eb9b03c033f9f0bfaa6627e9572ee2f2da 4b3a3e024bbf77b3a69f96215c24f1c83620868b936eec6fff4bc7fd0ea102db
SERVER_HANDSHAKE_TRAFFIC_SECRET 666daf014bc15cff6e8a606b6f2528eb9b03c033f9f0bfaa6627e9572ee2f2da 2eb56c1d72e865b002eeaf58c0f61ee9db33717f31ae9128a62147cf9afc1ada
CLIENT_TRAFFIC_SECRET_0 666daf014bc15cff6e8a606b6f2528eb9b03c033f9f0bfaa6627e9572ee2f2da e22c18d30671ed79a235452ad57152b4357f0b42eb4ecd6671e046d99554cbc3
SERVER_TRAFFIC_SECRET_0 666daf014bc15cff6e8a606b6f2528eb9b03c033f9f0bfaa6627e9572ee2f2da aa22ccb69dd13089b526d96634a8ccf9407cdda0a7b439d1f0a55f98d1df714d
EXPORTER_SECRET 666daf014bc15cff6e8a606b6f2528eb9b03c033f9f0bfaa6627e9572ee2f2da 864b782a6559c5e1706073dc5cbd8a37646ddfee75367bec0b4739e4fb4cba22
CLIENT_EARLY_TRAFFIC_SECRET 8eb9624477f729e1c8a33f6827f7094f67547fe7a21b7fb3968ae23552a623a0 d1d0c71a0f7f71e997b1f81f16fb4f66d0b6ff53ad43f7e6b850fa4ef036c48e
CLIENT_HANDSHAKE_TRAFFIC_SECRET 8eb9624477f729e1c8a33f6827f7094f67547fe7a21b7fb3968ae23552a623a0 10369619388b1e20f01072a223fbd61b6c672f5b931bdd84934bb23d9a25ee9f
SERVER_HANDSHAKE_TRAFFIC_SECRET 8eb9624477f729e1c8a33f6827f7094f67547fe7a21b7fb3968ae23552a623a0 7414370b5ea69c1140e08c6584c42e5e3dc721a6c375fce62f8732dc3863d6e1
CLIENT_TRAFFIC_SECRET_0 8eb9624477f729e1c8a33f6827f7094f67547fe7a21b7fb3968ae23552a623a0 7d12a1c77c1343016caf7676eb5a2c669c82165c2df66028897787784df07b2f
SERVER_TRAFFIC_SECRET_0 8eb9624477f729e1c8a33f6827f7094f67547fe7a21b7fb3968ae23552a623a0 cd0fcf8145264c15aa04f6694d2206f588a95c3650ce53e8ca1d0ac7f9061c9c
EXPORTER_SECRET 8eb9624477f729e1c8a33f6827f7094f67547fe7a21b7fb3968ae23552a623a0 28d3d7ae9b7383ace0bc27a6c6e4604da1d00a1e5ee996a9c8086e1e0de928c7
CLIENT_EARLY_TRAFFIC_SECRET 7d2b9ed1da0b2a7e1e0f1e9ec7b5d3a8b5b72255ee1656c93aa94517b6c1994b 3b12a8ecfd705f3b088e9b36052126a25d6ab42901cda2bfac7c8d4b3991d8f7
CLIENT_HANDSHAKE_TRAFFIC_SECRET 7d2b9ed1da0b2a7e1e0f1e9ec7b5d3a8b5b72255ee1656c93aa94517b6c1994b 488cb705d23104bc9efc36ec71a56ce9c0c7a79f94861d57c919dc5a6971d151
SERVER_HANDSHAKE_TRAFFIC_SECRET 7d2b9ed1da0b2a7e1e0f1e9ec7b5d3a8b5b72255ee1656c93aa94517b6c1994b aaac8d4a1cc81772dd26d179da7c7d9f20c6b01d7683076af05edce4d95ce72f
CLIENT_TRAFFIC_SECRET_0 7d2b9ed1da0b2a7e1e0f1e9ec7b5d3a8b5b72255ee1656c93aa94517b6c1994b 3d0db2bbef772a2c6431fcdd6ececfb1db73630097f847360a3f2c1ebfa3bcd7
SERVER_TRAFFIC_SECRET_0 7d2b9ed1da0b2a7e1e0f1e9ec7b5d3a8b5b72255ee1656c93aa94517b6c1994b ffc618484038d8df9449f08b95beb22a7de3fc44d8719bb99987d5b19fbcacc8
EXPORTER_SECRET 7d2b9ed1da0b2a7e1e0f1e9ec7b5d3a8b5b72255ee1656c93aa94517b6c1994b f89bf0918ad3562e85bb67e8f3aab871419781da7e0f2b28d4f85c6447b76ce7
CLIENT_EARLY_TRAFFIC_SECRET c77509edee33dbca95bb0e5ba63ca1586cdc8d8d55bf5dedf16aa99e73015083 c96d993554365aa4bec155e8192dc2d07b6713bd09a87a2297aa42c9c1faf667
CLIENT_HANDSHAKE_TRAFFIC_SECRET c77509edee33dbca95bb0e5ba63ca1586cdc8d8d55bf5dedf16aa99e73015083 57d317bcc80dc5ec75175e232fd01b930131d6f6aa562a722e6e6aa5bf07521b
SERVER_HANDSHAKE_TRAFFIC_SECRET c77509edee33dbca95bb0e5ba63ca1586cdc8d8d55bf5dedf16aa99e73015083 00c37e6b3777e817b786bab820fc5ab4b7ae94b10ffb0fa5e53bb915503ddefb
CLIENT_TRAFFIC_SECRET_0 c77509edee33dbca95bb0e5ba63ca1586cdc8d8d55bf5dedf16aa99e73015083 b4d24927b2b6dba1056465f63bd475a8a1f0ee90a143a8fa3af8e358f64ca702
SERVER_TRAFFIC_SECRET_0 c77509edee33dbca95bb0e5ba63ca1586cdc8d8d55bf5dedf16aa99e73015083 f0619a1c60c16308d058762e1c21f451ed0b5cd2295bbd4a4af03bc36347b850
EXPORTER_SECRET c77509edee33dbca95bb0e5ba63ca1586cdc8d8d55bf5dedf16aa99e73015083 79f048e7bcfbc92d917c6d70c5044f4ab0e5de15b11be19d23a989aeaddea9b7
CLIENT_EARLY_TRAFFIC_SECRET fd86fff2f9f74a61c28e236b873f06d07b55b0ac451cbfe32f42162116ca22b2 3cde6b8a9548a1ff18826aaa16b52ee4c81807705a1656652491419bafc84c46
CLIENT_HANDSHAKE_TRAFFIC_SECRET fd86fff2f9f74a61c28e236b873f06d07b55b0ac451cbfe32f42162116ca22b2 3906c865965eda70513bed7c22843cb569785e42279f2a907cff1f09b9434f8b
SERVER_HANDSHAKE_TRAFFIC_SECRET fd86fff2f9f74a61c28e236b873f06d07b55b0ac451cbfe32f42162116ca22b2 78d647b3eed4cd8a285c052467667b71dff39676cebbb5154a7c4e513cc4e234
CLIENT_TRAFFIC_SECRET_0 fd86fff2f9f74a61c28e236b873f06d07b55b0ac451cbfe32f42162116ca22b2 17a8fa211829e6f03fb0d3b82c96e2eedac6a901e800dd84ddaec5a554e11c60
SERVER_TRAFFIC_SECRET_0 fd86fff2f9f74a61c28e236b873f06d07b55b0ac451cbfe32f42162116ca22b2 6328dfe097e57201fcded2dfdd7f1d916928f587c115667f62308a0b718ca1fa
EXPORTER_SECRET fd86fff2f9f74a61c28e236b873f06d07b55b0ac451cbfe32f42162116ca22b2 0daccc97b17c765ce25137a54302747902e4c4033f132da85f79bec4138b5aa6
CLIENT_EARLY_TRAFFIC_SECRET e747ac8103dadfb4c9708d4b195ba142e5f33e0217986f19f5e76bd362279c56 46df53353476209f5c817982aea060cb2adaf012f9a1a2962b2d96ef09965340
CLIENT_HANDSHAKE_TRAFFIC_SECRET e747ac8103dadfb4c9708d4b195ba142e5f33e0217986f19f5e76bd362279c56 0e7d8273f0095aa4cebdebe836d06c994649c9f5817b85e1f7214fad7fca14bc
SERVER_HANDSHAKE_TRAFFIC_SECRET e747ac8103dadfb4c9708d4b195ba142e5f33e0217986f19f5e76bd362279c56 68358c6e35bc4ff3cd915bfc5604dc90716749ec043cadf07467b26b1887b6c5
CLIENT_TRAFFIC_SECRET_0 e747ac8103dadfb4c9708d4b195ba142e5f33e0217986f19f5e76bd362279c56 1404b53a9cda259df38ddae86630e17284de7a5f7954975587a58dd67655e183
SERVER_TRAFFIC_SECRET_0 e747ac8103dadfb4c9708d4b195ba142e5f33e0217986f19f5e76bd362279c56 dd0a627b6c07ae1131295839fd5447704179f29bd9ae1d19d90a012a54e56746
EXPORTER_SECRET e747ac8103dadfb4c9708d4b195ba142e5f33e0217986f19f5e76bd362279c56 42ab46e6c3e6427d30f0b47b93d7d05a5fbc1ddba51eb84a2fd1f6815ead0eb3
CLIENT_EARLY_TRAFFIC_SECRET 724063b75d48370973d2f3db7209bcb2864534fa93367ebc7d62ff1ba09bf3e4 92035459faf2c631774cb8dc262f2296d6fb23719a9b35ec0861ad48f643c9c5
CLIENT_HANDSHAKE_TRAFFIC_SECRET 724063b75d48370973d2f3db7209bcb2864534fa93367ebc7d62ff1ba09bf3e4 b6b0b292e05ae5bc431eb03fd94ee7f57a3611ba4a1d9de708141ee13ef4e081
SERVER_HANDSHAKE_TRAFFIC_SECRET 724063b75d48370973d2f3db7209bcb2864534fa93367ebc7d62ff1ba09bf3e4 f5e7265730996f85e03b31c07152162c0ce4e5ad87a06cdd662158e333c9dd9d
CLIENT_TRAFFIC_SECRET_0 724063b75d48370973d2f3db7209bcb2864534fa93367ebc7d62ff1ba09bf3e4 3a6d1319acc5c2caca02e34b6113635cba352b111f40e1ab1b6997e1b1d8e104
SERVER_TRAFFIC_SECRET_0 724063b75d48370973d2f3db7209bcb2864534fa93367ebc7d62ff1ba09bf3e4 45c3cfa09679e41d7018336dc0f9e2c915f3e7383fe34a4e41947f0c7f1fee4f
EXPORTER_SECRET 724063b75d48370973d2f3db7209bcb2864534fa93367ebc7d62ff1ba09bf3e4 9dace12c20a619ffc7bcd1f4507caf691e2d4916ca6d010716079bfde64158d4
CLIENT_EARLY_TRAFFIC_SECRET a23499d90a88b8f4e7b8cac6cabcf80620e43f93efbbd39529d2f9462d5c3f83 60def834339b5e8316e5c1e8bc72c568ee26b4a7d392ecc007e48b6a96893db9
CLIENT_HANDSHAKE_TRAFFIC_SECRET a23499d90a88b8f4e7b8cac6cabcf80620e43f93efbbd39529d2f9462d5c3f83 6d11cbbbee2f3b19b8f277b407ac7b77bf01dfa152f4430cf0f3c00835138165
SERVER_HANDSHAKE_TRAFFIC_SECRET a23499d90a88b8f4e7b8cac6cabcf80620e43f93efbbd39529d2f9462d5c3f83 2b9830df5c2afa6ef05bf450aedf9a9b7515caf2974a248cf8c9a7bc348edc05
CLIENT_TRAFFIC_SECRET_0 a23499d90a88b8f4e7b8cac6cabcf80620e43f93efbbd39529d2f9462d5c3f83 f0e58b72bedfa8982707086eec018bf98770070ec2dc18403dd000f8b44a066d
SERVER_TRAFFIC_SECRET_0 a23499d90a88b8f4e7b8cac6cabcf80620e43f93efbbd39529d2f9462d5c3f83 0dbe75fa81fd0402df71c8f49c66d2e566ef1b1287987ec85d77a1bc17182954
EXPORTER_SECRET a23499d90a88b8f4e7b8cac6cabcf80620e43f93efbbd39529d2f9462d5c3f83 9e82c603caeda8817e32d8c5df4a8c7c14f13039768a78e7bbfb7b0e12184ee4
CLIENT_EARLY_TRAFFIC_SECRET 8fce9ec2870c317f2c84d021e8f544ab5da751347b8cc16b41d3c3e0e9714f3b 822c06e9474e38afd41780695f16e06e8bde7e8852b6c58d386de7cd964227b5
CLIENT_HANDSHAKE_TRAFFIC_SECRET 8fce9ec2870c317f2c84d021e8f544ab5da751347b8cc16b41d3c3e0e9714f3b 1f5148c30f9082c31fb4f8678b5df3bae14a72ce65afb1370d621347314cbb93
SERVER_HANDSHAKE_TRAFFIC_SECRET 8fce9ec2870c317f2c84d021e8f544ab5da751347b8cc16b41d3c3e0e9714f3b 6fe258df3625e7c9712ea8eee58ea0e5b1abb3a51d3be1b1fe0be2fc9fde4b81
CLIENT_TRAFFIC_SECRET_0 8fce9ec2870c317f2c84d021e8f544ab5da751347b8cc16b41d3c3e0e9714f3b 35882f8518c132a6bba294cd74d738418f092e752054576b52745c14ab438115
SERVER_TRAFFIC_SECRET_0 8fce9ec2870c317f2c84d021e8f544ab5da751347b8cc16b41d3c3e0e9714f3b 573f142596ab47279b3099bd25a790948b79f4caf45d87647dc9d6a98ca300f2
EXPORTER_SECRET 8fce9ec2870c317f2c84d021e8f544ab5da751347b8cc16b41d3c3e0e9714f3b 5715062ea8c190092bd7496eeb3ab6933a9777f975d266209a294df96b27dc75
CLIENT_EARLY_TRAFFIC_SECRET 753ccd6862834e60f736d2d32110dd43404de731cebeba4a7cdabe98e6a9a14e 2084f9ca377f1cfcfc9ae56fdc8c580e7920d8f9b71737c6ed5f6c6c1af80980
CLIENT_HANDSHAKE_TRAFFIC_SECRET 753ccd6862834e60f736d2d32110dd43404de731cebeba4a7cdabe98e6a9a14e 662be6402a582f81dde36df272a93a89998ed144e737271f42abeee07fcfd585
SERVER_HANDSHAKE_TRAFFIC_SECRET 753ccd6862834e60f736d2d32110dd43404de731cebeba4a7cdabe98e6a9a14e d2b1f08fe75f9e291d518ab225075d8211d0c851361adaf356f8cab692e6a3bf
CLIENT_TRAFFIC_SECRET_0 753ccd6862834e60f736d2d32110dd43404de731cebeba4a7cdabe98e6a9a14e 49957b467d29d68bbe746d1905bc75df37653bae58936ca1fba783abc14b9b36
SERVER_TRAFFIC_SECRET_0 753ccd6862834e60f736d2d32110dd43404de731cebeba4a7cdabe98e6a9a14e 621f793483412408a16f9e7ac2ac9a4ee51e55719b1fd937bce50f14f6f1fa64
EXPORTER_SECRET 753ccd6862834e60f736d2d32110dd43404de731cebeba4a7cdabe98e6a9a14e 6448baa529bd5e31f79f15a224d487281f643c12ed4f17c0a9a48ecbd57309b2
